NVBridge MATLAB command-window log started: C:\Users\<LAB_DOCUMENTS>\MATLAB\nv_bridge\running\nv23_image231924_c01_narrow_weak_podmr_after_ramsey_20260512_025209_image231924_c01_narrow_weak_podmr_after_ramsey_20260512_0250_execute\matlab_command_window.log
The total waveform points across the scan is 94047. Peak Siglent waveform uses 0.016215 percent of memory. Estimated time (siglent model) is 999.1215(s)
Elapsed time for loading sequence: 0.00042796s
check .Channels(2).Enable 1
     1

handles.Array_PSeq{helper_scan,aux}.Channels(2).Frequency
   3.8224e+09

handles.Array_PSeq{helper_scan,aux}.Channels(2).FreqIQ
    50000000

obj.interfaceSigGen.Frequency(1)
   3.8224e+09

check .Channels(2).Enable 5
check .Channels(2).Enable 5
     1

num_points
        3243

nI and nQ
        3293

        3293

check .Channels(2).Enable 6
     1

send_waveforms_siglent done
check .Channels(2).Enable 7
     1

PB bit 0 (Ch1) rises = 3
PB bit 1 (Ch2) rises = 1
PB bit 2 (Ch3) rises = 2
PB bit 3 (Ch4) rises = 1
PB bit 4 (Ch5) rises = 0
PB bit 5 (Ch6) rises = 0
PB bit 6 (Ch7) rises = 0
PB bit 7 (Ch8) rises = 0
Expected gates = 200000
TSPD_total = 5.200e-07 s
sendSequence done
1rep: SPD rises=2 (number_acq=2)
num (expected samples) = 200000
length(counts)        = 200000
nonzero counts        = 1446
mean(counts)          = 0.00738
PB done
DAQ done
check .Channels(2).Enable 2
     1

for kcps
double(sum(counts(s:number_acq:end)))
   759

helper
   29.1923

handles.Array_PSeq{helper_scan,1}.Channels(3).RiseDurations(s)
   2.6000e-07

Repetitions
      100000

for kcps
double(sum(counts(s:number_acq:end)))
   717

helper
   27.5769

handles.Array_PSeq{helper_scan,1}.Channels(3).RiseDurations(s)
   2.6000e-07

Repetitions
      100000

check .Channels(2).Enable 4
     1

check .Channels(2).Enable 1
     1

handles.Array_PSeq{helper_scan,aux}.Channels(2).Frequency
   3.8226e+09

handles.Array_PSeq{helper_scan,aux}.Channels(2).FreqIQ
    50000000

obj.interfaceSigGen.Frequency(1)
   3.8226e+09

check .Channels(2).Enable 5
check .Channels(2).Enable 5
     1

num_points
        3243

nI and nQ
        3293

        3293

check .Channels(2).Enable 6
     1

send_waveforms_siglent done
check .Channels(2).Enable 7
     1

PB bit 0 (Ch1) rises = 3
PB bit 1 (Ch2) rises = 1
PB bit 2 (Ch3) rises = 2
PB bit 3 (Ch4) rises = 1
PB bit 4 (Ch5) rises = 0
PB bit 5 (Ch6) rises = 0
PB bit 6 (Ch7) rises = 0
PB bit 7 (Ch8) rises = 0
Expected gates = 200000
TSPD_total = 5.200e-07 s
sendSequence done
1rep: SPD rises=2 (number_acq=2)
num (expected samples) = 200000
length(counts)        = 200000
nonzero counts        = 1512
mean(counts)          = 0.00764
PB done
DAQ done
check .Channels(2).Enable 2
     1

for kcps
double(sum(counts(s:number_acq:end)))
   776

helper
   29.8462

handles.Array_PSeq{helper_scan,1}.Channels(3).RiseDurations(s)
   2.6000e-07

Repetitions
      100000

for kcps
double(sum(counts(s:number_acq:end)))
   752

helper
   28.9231

handles.Array_PSeq{helper_scan,1}.Channels(3).RiseDurations(s)
   2.6000e-07

Repetitions
      100000

check .Channels(2).Enable 4
     1

check .Channels(2).Enable 1
     1

handles.Array_PSeq{helper_scan,aux}.Channels(2).Frequency
   3.8229e+09

handles.Array_PSeq{helper_scan,aux}.Channels(2).FreqIQ
    50000000

obj.interfaceSigGen.Frequency(1)
   3.8229e+09

check .Channels(2).Enable 5
check .Channels(2).Enable 5
     1

num_points
        3243

nI and nQ
        3293

        3293

check .Channels(2).Enable 6
     1

send_waveforms_siglent done
check .Channels(2).Enable 7
     1

PB bit 0 (Ch1) rises = 3
PB bit 1 (Ch2) rises = 1
PB bit 2 (Ch3) rises = 2
PB bit 3 (Ch4) rises = 1
PB bit 4 (Ch5) rises = 0
PB bit 5 (Ch6) rises = 0
PB bit 6 (Ch7) rises = 0
PB bit 7 (Ch8) rises = 0
Expected gates = 200000
TSPD_total = 5.200e-07 s
sendSequence done
1rep: SPD rises=2 (number_acq=2)
num (expected samples) = 200000
length(counts)        = 200000
nonzero counts        = 1571
mean(counts)          = 0.00799
PB done
DAQ done
check .Channels(2).Enable 2
     1

for kcps
double(sum(counts(s:number_acq:end)))
   793

helper
   30.5000

handles.Array_PSeq{helper_scan,1}.Channels(3).RiseDurations(s)
   2.6000e-07

Repetitions
      100000

for kcps
double(sum(counts(s:number_acq:end)))
   805

helper
   30.9615

handles.Array_PSeq{helper_scan,1}.Channels(3).RiseDurations(s)
   2.6000e-07

Repetitions
      100000

check .Channels(2).Enable 4
     1

check .Channels(2).Enable 1
     1

handles.Array_PSeq{helper_scan,aux}.Channels(2).Frequency
   3.8231e+09

handles.Array_PSeq{helper_scan,aux}.Channels(2).FreqIQ
    50000000

obj.interfaceSigGen.Frequency(1)
   3.8231e+09

check .Channels(2).Enable 5
check .Channels(2).Enable 5
     1

num_points
        3243

nI and nQ
        3293

        3293

check .Channels(2).Enable 6
     1

send_waveforms_siglent done
check .Channels(2).Enable 7
     1

PB bit 0 (Ch1) rises = 3
PB bit 1 (Ch2) rises = 1
PB bit 2 (Ch3) rises = 2
PB bit 3 (Ch4) rises = 1
PB bit 4 (Ch5) rises = 0
PB bit 5 (Ch6) rises = 0
PB bit 6 (Ch7) rises = 0
PB bit 7 (Ch8) rises = 0
Expected gates = 200000
TSPD_total = 5.200e-07 s
sendSequence done
1rep: SPD rises=2 (number_acq=2)
num (expected samples) = 200000
length(counts)        = 200000
nonzero counts        = 1512
mean(counts)          = 0.00769
PB done
DAQ done
check .Channels(2).Enable 2
     1

for kcps
double(sum(counts(s:number_acq:end)))
   771

helper
   29.6538

handles.Array_PSeq{helper_scan,1}.Channels(3).RiseDurations(s)
   2.6000e-07

Repetitions
      100000

for kcps
double(sum(counts(s:number_acq:end)))
   768

helper
   29.5385

handles.Array_PSeq{helper_scan,1}.Channels(3).RiseDurations(s)
   2.6000e-07

Repetitions
      100000

check .Channels(2).Enable 4
     1

check .Channels(2).Enable 1
     1

handles.Array_PSeq{helper_scan,aux}.Channels(2).Frequency
   3.8234e+09

handles.Array_PSeq{helper_scan,aux}.Channels(2).FreqIQ
    50000000

obj.interfaceSigGen.Frequency(1)
   3.8234e+09

check .Channels(2).Enable 5
check .Channels(2).Enable 5
     1

num_points
        3243

nI and nQ
        3293

        3293

check .Channels(2).Enable 6
     1

send_waveforms_siglent done
check .Channels(2).Enable 7
     1

PB bit 0 (Ch1) rises = 3
PB bit 1 (Ch2) rises = 1
PB bit 2 (Ch3) rises = 2
PB bit 3 (Ch4) rises = 1
PB bit 4 (Ch5) rises = 0
PB bit 5 (Ch6) rises = 0
PB bit 6 (Ch7) rises = 0
PB bit 7 (Ch8) rises = 0
Expected gates = 200000
TSPD_total = 5.200e-07 s
sendSequence done
1rep: SPD rises=2 (number_acq=2)
num (expected samples) = 200000
length(counts)        = 200000
nonzero counts        = 1548
mean(counts)          = 0.00785
PB done
DAQ done
check .Channels(2).Enable 2
     1

for kcps
double(sum(counts(s:number_acq:end)))
   788

helper
   30.3077

handles.Array_PSeq{helper_scan,1}.Channels(3).RiseDurations(s)
   2.6000e-07

Repetitions
      100000

for kcps
double(sum(counts(s:number_acq:end)))
   783

helper
   30.1154

handles.Array_PSeq{helper_scan,1}.Channels(3).RiseDurations(s)
   2.6000e-07

Repetitions
      100000

check .Channels(2).Enable 4
     1

check .Channels(2).Enable 1
     1

handles.Array_PSeq{helper_scan,aux}.Channels(2).Frequency
   3.8236e+09

handles.Array_PSeq{helper_scan,aux}.Channels(2).FreqIQ
    50000000

obj.interfaceSigGen.Frequency(1)
   3.8236e+09

check .Channels(2).Enable 5
check .Channels(2).Enable 5
     1

num_points
        3243

nI and nQ
        3293

        3293

check .Channels(2).Enable 6
     1

send_waveforms_siglent done
check .Channels(2).Enable 7
     1

PB bit 0 (Ch1) rises = 3
PB bit 1 (Ch2) rises = 1
PB bit 2 (Ch3) rises = 2
PB bit 3 (Ch4) rises = 1
PB bit 4 (Ch5) rises = 0
PB bit 5 (Ch6) rises = 0
PB bit 6 (Ch7) rises = 0
PB bit 7 (Ch8) rises = 0
Expected gates = 200000
TSPD_total = 5.200e-07 s
sendSequence done
1rep: SPD rises=2 (number_acq=2)
num (expected samples) = 200000
length(counts)        = 200000
nonzero counts        = 1494
mean(counts)          = 0.00761
PB done
DAQ done
check .Channels(2).Enable 2
     1

for kcps
double(sum(counts(s:number_acq:end)))
   778

helper
   29.9231

handles.Array_PSeq{helper_scan,1}.Channels(3).RiseDurations(s)
   2.6000e-07

Repetitions
      100000

for kcps
double(sum(counts(s:number_acq:end)))
   744

helper
   28.6154

handles.Array_PSeq{helper_scan,1}.Channels(3).RiseDurations(s)
   2.6000e-07

Repetitions
      100000

check .Channels(2).Enable 4
     1

check .Channels(2).Enable 1
     1

handles.Array_PSeq{helper_scan,aux}.Channels(2).Frequency
   3.8239e+09

handles.Array_PSeq{helper_scan,aux}.Channels(2).FreqIQ
    50000000

obj.interfaceSigGen.Frequency(1)
   3.8239e+09

check .Channels(2).Enable 5
check .Channels(2).Enable 5
     1

num_points
        3243

nI and nQ
        3293

        3293

check .Channels(2).Enable 6
     1

send_waveforms_siglent done
check .Channels(2).Enable 7
     1

PB bit 0 (Ch1) rises = 3
PB bit 1 (Ch2) rises = 1
PB bit 2 (Ch3) rises = 2
PB bit 3 (Ch4) rises = 1
PB bit 4 (Ch5) rises = 0
PB bit 5 (Ch6) rises = 0
PB bit 6 (Ch7) rises = 0
PB bit 7 (Ch8) rises = 0
Expected gates = 200000
TSPD_total = 5.200e-07 s
sendSequence done
1rep: SPD rises=2 (number_acq=2)
num (expected samples) = 200000
length(counts)        = 200000
nonzero counts        = 1516
mean(counts)          = 0.00768
PB done
DAQ done
check .Channels(2).Enable 2
     1

for kcps
double(sum(counts(s:number_acq:end)))
   792

helper
   30.4615

handles.Array_PSeq{helper_scan,1}.Channels(3).RiseDurations(s)
   2.6000e-07

Repetitions
      100000

for kcps
double(sum(counts(s:number_acq:end)))
   744

helper
   28.6154

handles.Array_PSeq{helper_scan,1}.Channels(3).RiseDurations(s)
   2.6000e-07

Repetitions
      100000

check .Channels(2).Enable 4
     1

check .Channels(2).Enable 1
     1

handles.Array_PSeq{helper_scan,aux}.Channels(2).Frequency
   3.8241e+09

handles.Array_PSeq{helper_scan,aux}.Channels(2).FreqIQ
    50000000

obj.interfaceSigGen.Frequency(1)
   3.8241e+09

check .Channels(2).Enable 5
check .Channels(2).Enable 5
     1

num_points
        3243

nI and nQ
        3293

        3293

check .Channels(2).Enable 6
     1

send_waveforms_siglent done
check .Channels(2).Enable 7
     1

PB bit 0 (Ch1) rises = 3
PB bit 1 (Ch2) rises = 1
PB bit 2 (Ch3) rises = 2
PB bit 3 (Ch4) rises = 1
PB bit 4 (Ch5) rises = 0
PB bit 5 (Ch6) rises = 0
PB bit 6 (Ch7) rises = 0
PB bit 7 (Ch8) rises = 0
Expected gates = 200000
TSPD_total = 5.200e-07 s
sendSequence done
1rep: SPD rises=2 (number_acq=2)
num (expected samples) = 200000
length(counts)        = 200000
nonzero counts        = 1534
mean(counts)          = 0.00781
PB done
DAQ done
check .Channels(2).Enable 2
     1

for kcps
double(sum(counts(s:number_acq:end)))
   749

helper
   28.8077

handles.Array_PSeq{helper_scan,1}.Channels(3).RiseDurations(s)
   2.6000e-07

Repetitions
      100000

for kcps
double(sum(counts(s:number_acq:end)))
   812

helper
   31.2308

handles.Array_PSeq{helper_scan,1}.Channels(3).RiseDurations(s)
   2.6000e-07

Repetitions
      100000

check .Channels(2).Enable 4
     1

check .Channels(2).Enable 1
     1

handles.Array_PSeq{helper_scan,aux}.Channels(2).Frequency
   3.8244e+09

handles.Array_PSeq{helper_scan,aux}.Channels(2).FreqIQ
    50000000

obj.interfaceSigGen.Frequency(1)
   3.8244e+09

check .Channels(2).Enable 5
check .Channels(2).Enable 5
     1

num_points
        3243

nI and nQ
        3293

        3293

check .Channels(2).Enable 6
     1

send_waveforms_siglent done
check .Channels(2).Enable 7
     1

PB bit 0 (Ch1) rises = 3
PB bit 1 (Ch2) rises = 1
PB bit 2 (Ch3) rises = 2
PB bit 3 (Ch4) rises = 1
PB bit 4 (Ch5) rises = 0
PB bit 5 (Ch6) rises = 0
PB bit 6 (Ch7) rises = 0
PB bit 7 (Ch8) rises = 0
Expected gates = 200000
TSPD_total = 5.200e-07 s
sendSequence done
1rep: SPD rises=2 (number_acq=2)
num (expected samples) = 200000
length(counts)        = 200000
nonzero counts        = 1536
mean(counts)          = 0.00777
PB done
DAQ done
check .Channels(2).Enable 2
     1

for kcps
double(sum(counts(s:number_acq:end)))
   740

helper
   28.4615

handles.Array_PSeq{helper_scan,1}.Channels(3).RiseDurations(s)
   2.6000e-07

Repetitions
      100000

for kcps
double(sum(counts(s:number_acq:end)))
   813

helper
   31.2692

handles.Array_PSeq{helper_scan,1}.Channels(3).RiseDurations(s)
   2.6000e-07

Repetitions
      100000

check .Channels(2).Enable 4
     1

check .Channels(2).Enable 1
     1

handles.Array_PSeq{helper_scan,aux}.Channels(2).Frequency
   3.8246e+09

handles.Array_PSeq{helper_scan,aux}.Channels(2).FreqIQ
    50000000

obj.interfaceSigGen.Frequency(1)
   3.8246e+09

check .Channels(2).Enable 5
check .Channels(2).Enable 5
     1

num_points
        3243

nI and nQ
        3293

        3293

check .Channels(2).Enable 6
     1

send_waveforms_siglent done
check .Channels(2).Enable 7
     1

PB bit 0 (Ch1) rises = 3
PB bit 1 (Ch2) rises = 1
PB bit 2 (Ch3) rises = 2
PB bit 3 (Ch4) rises = 1
PB bit 4 (Ch5) rises = 0
PB bit 5 (Ch6) rises = 0
PB bit 6 (Ch7) rises = 0
PB bit 7 (Ch8) rises = 0
Expected gates = 200000
TSPD_total = 5.200e-07 s
sendSequence done
1rep: SPD rises=2 (number_acq=2)
num (expected samples) = 200000
length(counts)        = 200000
nonzero counts        = 1479
mean(counts)          = 0.00756
PB done
DAQ done
check .Channels(2).Enable 2
     1

for kcps
double(sum(counts(s:number_acq:end)))
   747

helper
   28.7308

handles.Array_PSeq{helper_scan,1}.Channels(3).RiseDurations(s)
   2.6000e-07

Repetitions
      100000

for kcps
double(sum(counts(s:number_acq:end)))
   764

helper
   29.3846

handles.Array_PSeq{helper_scan,1}.Channels(3).RiseDurations(s)
   2.6000e-07

Repetitions
      100000

check .Channels(2).Enable 4
     1

check .Channels(2).Enable 1
     1

handles.Array_PSeq{helper_scan,aux}.Channels(2).Frequency
   3.8249e+09

handles.Array_PSeq{helper_scan,aux}.Channels(2).FreqIQ
    50000000

obj.interfaceSigGen.Frequency(1)
   3.8249e+09

check .Channels(2).Enable 5
check .Channels(2).Enable 5
     1

num_points
        3243

nI and nQ
        3293

        3293

check .Channels(2).Enable 6
     1

send_waveforms_siglent done
check .Channels(2).Enable 7
     1

PB bit 0 (Ch1) rises = 3
PB bit 1 (Ch2) rises = 1
PB bit 2 (Ch3) rises = 2
PB bit 3 (Ch4) rises = 1
PB bit 4 (Ch5) rises = 0
PB bit 5 (Ch6) rises = 0
PB bit 6 (Ch7) rises = 0
PB bit 7 (Ch8) rises = 0
Expected gates = 200000
TSPD_total = 5.200e-07 s
sendSequence done
1rep: SPD rises=2 (number_acq=2)
num (expected samples) = 200000
length(counts)        = 200000
nonzero counts        = 1511
mean(counts)          = 0.00768
PB done
DAQ done
check .Channels(2).Enable 2
     1

for kcps
double(sum(counts(s:number_acq:end)))
   797

helper
   30.6538

handles.Array_PSeq{helper_scan,1}.Channels(3).RiseDurations(s)
   2.6000e-07

Repetitions
      100000

for kcps
double(sum(counts(s:number_acq:end)))
   739

helper
   28.4231

handles.Array_PSeq{helper_scan,1}.Channels(3).RiseDurations(s)
   2.6000e-07

Repetitions
      100000

check .Channels(2).Enable 4
     1

check .Channels(2).Enable 1
     1

handles.Array_PSeq{helper_scan,aux}.Channels(2).Frequency
   3.8251e+09

handles.Array_PSeq{helper_scan,aux}.Channels(2).FreqIQ
    50000000

obj.interfaceSigGen.Frequency(1)
   3.8251e+09

check .Channels(2).Enable 5
check .Channels(2).Enable 5
     1

num_points
        3243

nI and nQ
        3293

        3293

check .Channels(2).Enable 6
     1

send_waveforms_siglent done
check .Channels(2).Enable 7
     1

PB bit 0 (Ch1) rises = 3
PB bit 1 (Ch2) rises = 1
PB bit 2 (Ch3) rises = 2
PB bit 3 (Ch4) rises = 1
PB bit 4 (Ch5) rises = 0
PB bit 5 (Ch6) rises = 0
PB bit 6 (Ch7) rises = 0
PB bit 7 (Ch8) rises = 0
Expected gates = 200000
TSPD_total = 5.200e-07 s
sendSequence done
1rep: SPD rises=2 (number_acq=2)
num (expected samples) = 200000
length(counts)        = 200000
nonzero counts        = 1514
mean(counts)          = 0.00769
PB done
DAQ done
check .Channels(2).Enable 2
     1

for kcps
double(sum(counts(s:number_acq:end)))
   761

helper
   29.2692

handles.Array_PSeq{helper_scan,1}.Channels(3).RiseDurations(s)
   2.6000e-07

Repetitions
      100000

for kcps
double(sum(counts(s:number_acq:end)))
   777

helper
   29.8846

handles.Array_PSeq{helper_scan,1}.Channels(3).RiseDurations(s)
   2.6000e-07

Repetitions
      100000

check .Channels(2).Enable 4
     1

check .Channels(2).Enable 1
     1

handles.Array_PSeq{helper_scan,aux}.Channels(2).Frequency
   3.8254e+09

handles.Array_PSeq{helper_scan,aux}.Channels(2).FreqIQ
    50000000

obj.interfaceSigGen.Frequency(1)
   3.8254e+09

check .Channels(2).Enable 5
check .Channels(2).Enable 5
     1

num_points
        3243

nI and nQ
        3293

        3293

check .Channels(2).Enable 6
     1

send_waveforms_siglent done
check .Channels(2).Enable 7
     1

PB bit 0 (Ch1) rises = 3
PB bit 1 (Ch2) rises = 1
PB bit 2 (Ch3) rises = 2
PB bit 3 (Ch4) rises = 1
PB bit 4 (Ch5) rises = 0
PB bit 5 (Ch6) rises = 0
PB bit 6 (Ch7) rises = 0
PB bit 7 (Ch8) rises = 0
Expected gates = 200000
TSPD_total = 5.200e-07 s
sendSequence done
1rep: SPD rises=2 (number_acq=2)
num (expected samples) = 200000
length(counts)        = 200000
nonzero counts        = 1525
mean(counts)          = 0.00775
PB done
DAQ done
check .Channels(2).Enable 2
     1

for kcps
double(sum(counts(s:number_acq:end)))
   804

helper
   30.9231

handles.Array_PSeq{helper_scan,1}.Channels(3).RiseDurations(s)
   2.6000e-07

Repetitions
      100000

for kcps
double(sum(counts(s:number_acq:end)))
   746

helper
   28.6923

handles.Array_PSeq{helper_scan,1}.Channels(3).RiseDurations(s)
   2.6000e-07

Repetitions
      100000

check .Channels(2).Enable 4
     1

check .Channels(2).Enable 1
     1

handles.Array_PSeq{helper_scan,aux}.Channels(2).Frequency
   3.8256e+09

handles.Array_PSeq{helper_scan,aux}.Channels(2).FreqIQ
    50000000

obj.interfaceSigGen.Frequency(1)
   3.8256e+09

check .Channels(2).Enable 5
check .Channels(2).Enable 5
     1

num_points
        3243

nI and nQ
        3293

        3293

check .Channels(2).Enable 6
     1

send_waveforms_siglent done
check .Channels(2).Enable 7
     1

PB bit 0 (Ch1) rises = 3
PB bit 1 (Ch2) rises = 1
PB bit 2 (Ch3) rises = 2
PB bit 3 (Ch4) rises = 1
PB bit 4 (Ch5) rises = 0
PB bit 5 (Ch6) rises = 0
PB bit 6 (Ch7) rises = 0
PB bit 7 (Ch8) rises = 0
Expected gates = 200000
TSPD_total = 5.200e-07 s
sendSequence done
1rep: SPD rises=2 (number_acq=2)
num (expected samples) = 200000
length(counts)        = 200000
nonzero counts        = 1449
mean(counts)          = 0.00732
PB done
DAQ done
check .Channels(2).Enable 2
     1

for kcps
double(sum(counts(s:number_acq:end)))
   742

helper
   28.5385

handles.Array_PSeq{helper_scan,1}.Channels(3).RiseDurations(s)
   2.6000e-07

Repetitions
      100000

for kcps
double(sum(counts(s:number_acq:end)))
   721

helper
   27.7308

handles.Array_PSeq{helper_scan,1}.Channels(3).RiseDurations(s)
   2.6000e-07

Repetitions
      100000

check .Channels(2).Enable 4
     1

check .Channels(2).Enable 1
     1

handles.Array_PSeq{helper_scan,aux}.Channels(2).Frequency
   3.8259e+09

handles.Array_PSeq{helper_scan,aux}.Channels(2).FreqIQ
    50000000

obj.interfaceSigGen.Frequency(1)
   3.8259e+09

check .Channels(2).Enable 5
check .Channels(2).Enable 5
     1

num_points
        3243

nI and nQ
        3293

        3293

check .Channels(2).Enable 6
     1

send_waveforms_siglent done
check .Channels(2).Enable 7
     1

PB bit 0 (Ch1) rises = 3
PB bit 1 (Ch2) rises = 1
PB bit 2 (Ch3) rises = 2
PB bit 3 (Ch4) rises = 1
PB bit 4 (Ch5) rises = 0
PB bit 5 (Ch6) rises = 0
PB bit 6 (Ch7) rises = 0
PB bit 7 (Ch8) rises = 0
Expected gates = 200000
TSPD_total = 5.200e-07 s
sendSequence done
1rep: SPD rises=2 (number_acq=2)
num (expected samples) = 200000
length(counts)        = 200000
nonzero counts        = 1425
mean(counts)          = 0.00722
PB done
DAQ done
check .Channels(2).Enable 2
     1

for kcps
double(sum(counts(s:number_acq:end)))
   787

helper
   30.2692

handles.Array_PSeq{helper_scan,1}.Channels(3).RiseDurations(s)
   2.6000e-07

Repetitions
      100000

for kcps
double(sum(counts(s:number_acq:end)))
   658

helper
   25.3077

handles.Array_PSeq{helper_scan,1}.Channels(3).RiseDurations(s)
   2.6000e-07

Repetitions
      100000

check .Channels(2).Enable 4
     1

check .Channels(2).Enable 1
     1

handles.Array_PSeq{helper_scan,aux}.Channels(2).Frequency
   3.8261e+09

handles.Array_PSeq{helper_scan,aux}.Channels(2).FreqIQ
    50000000

obj.interfaceSigGen.Frequency(1)
   3.8261e+09

check .Channels(2).Enable 5
check .Channels(2).Enable 5
     1

num_points
        3243

nI and nQ
        3293

        3293

check .Channels(2).Enable 6
     1

send_waveforms_siglent done
check .Channels(2).Enable 7
     1

PB bit 0 (Ch1) rises = 3
PB bit 1 (Ch2) rises = 1
PB bit 2 (Ch3) rises = 2
PB bit 3 (Ch4) rises = 1
PB bit 4 (Ch5) rises = 0
PB bit 5 (Ch6) rises = 0
PB bit 6 (Ch7) rises = 0
PB bit 7 (Ch8) rises = 0
Expected gates = 200000
TSPD_total = 5.200e-07 s
sendSequence done
1rep: SPD rises=2 (number_acq=2)
num (expected samples) = 200000
length(counts)        = 200000
nonzero counts        = 1386
mean(counts)          = 0.007
PB done
DAQ done
check .Channels(2).Enable 2
     1

for kcps
double(sum(counts(s:number_acq:end)))
   771

helper
   29.6538

handles.Array_PSeq{helper_scan,1}.Channels(3).RiseDurations(s)
   2.6000e-07

Repetitions
      100000

for kcps
double(sum(counts(s:number_acq:end)))
   629

helper
   24.1923

handles.Array_PSeq{helper_scan,1}.Channels(3).RiseDurations(s)
   2.6000e-07

Repetitions
      100000

check .Channels(2).Enable 4
     1

check .Channels(2).Enable 1
     1

handles.Array_PSeq{helper_scan,aux}.Channels(2).Frequency
   3.8264e+09

handles.Array_PSeq{helper_scan,aux}.Channels(2).FreqIQ
    50000000

obj.interfaceSigGen.Frequency(1)
   3.8264e+09

check .Channels(2).Enable 5
check .Channels(2).Enable 5
     1

num_points
        3243

nI and nQ
        3293

        3293

check .Channels(2).Enable 6
     1

send_waveforms_siglent done
check .Channels(2).Enable 7
     1

PB bit 0 (Ch1) rises = 3
PB bit 1 (Ch2) rises = 1
PB bit 2 (Ch3) rises = 2
PB bit 3 (Ch4) rises = 1
PB bit 4 (Ch5) rises = 0
PB bit 5 (Ch6) rises = 0
PB bit 6 (Ch7) rises = 0
PB bit 7 (Ch8) rises = 0
Expected gates = 200000
TSPD_total = 5.200e-07 s
sendSequence done
1rep: SPD rises=2 (number_acq=2)
num (expected samples) = 200000
length(counts)        = 200000
nonzero counts        = 1420
mean(counts)          = 0.00719
PB done
DAQ done
check .Channels(2).Enable 2
     1

for kcps
double(sum(counts(s:number_acq:end)))
   810

helper
   31.1538

handles.Array_PSeq{helper_scan,1}.Channels(3).RiseDurations(s)
   2.6000e-07

Repetitions
      100000

for kcps
double(sum(counts(s:number_acq:end)))
   627

helper
   24.1154

handles.Array_PSeq{helper_scan,1}.Channels(3).RiseDurations(s)
   2.6000e-07

Repetitions
      100000

check .Channels(2).Enable 4
     1

check .Channels(2).Enable 1
     1

handles.Array_PSeq{helper_scan,aux}.Channels(2).Frequency
   3.8266e+09

handles.Array_PSeq{helper_scan,aux}.Channels(2).FreqIQ
    50000000

obj.interfaceSigGen.Frequency(1)
   3.8266e+09

check .Channels(2).Enable 5
check .Channels(2).Enable 5
     1

num_points
        3243

nI and nQ
        3293

        3293

check .Channels(2).Enable 6
     1

send_waveforms_siglent done
check .Channels(2).Enable 7
     1

PB bit 0 (Ch1) rises = 3
PB bit 1 (Ch2) rises = 1
PB bit 2 (Ch3) rises = 2
PB bit 3 (Ch4) rises = 1
PB bit 4 (Ch5) rises = 0
PB bit 5 (Ch6) rises = 0
PB bit 6 (Ch7) rises = 0
PB bit 7 (Ch8) rises = 0
Expected gates = 200000
TSPD_total = 5.200e-07 s
sendSequence done
1rep: SPD rises=2 (number_acq=2)
num (expected samples) = 200000
length(counts)        = 200000
nonzero counts        = 1389
mean(counts)          = 0.00703
PB done
DAQ done
check .Channels(2).Enable 2
     1

for kcps
double(sum(counts(s:number_acq:end)))
   772

helper
   29.6923

handles.Array_PSeq{helper_scan,1}.Channels(3).RiseDurations(s)
   2.6000e-07

Repetitions
      100000

for kcps
double(sum(counts(s:number_acq:end)))
   634

helper
   24.3846

handles.Array_PSeq{helper_scan,1}.Channels(3).RiseDurations(s)
   2.6000e-07

Repetitions
      100000

check .Channels(2).Enable 4
     1

check .Channels(2).Enable 1
     1

handles.Array_PSeq{helper_scan,aux}.Channels(2).Frequency
   3.8269e+09

handles.Array_PSeq{helper_scan,aux}.Channels(2).FreqIQ
    50000000

obj.interfaceSigGen.Frequency(1)
   3.8269e+09

check .Channels(2).Enable 5
check .Channels(2).Enable 5
     1

num_points
        3243

nI and nQ
        3293

        3293

check .Channels(2).Enable 6
     1

send_waveforms_siglent done
check .Channels(2).Enable 7
     1

PB bit 0 (Ch1) rises = 3
PB bit 1 (Ch2) rises = 1
PB bit 2 (Ch3) rises = 2
PB bit 3 (Ch4) rises = 1
PB bit 4 (Ch5) rises = 0
PB bit 5 (Ch6) rises = 0
PB bit 6 (Ch7) rises = 0
PB bit 7 (Ch8) rises = 0
Expected gates = 200000
TSPD_total = 5.200e-07 s
sendSequence done
1rep: SPD rises=2 (number_acq=2)
num (expected samples) = 200000
length(counts)        = 200000
nonzero counts        = 1467
mean(counts)          = 0.00741
PB done
DAQ done
check .Channels(2).Enable 2
     1

for kcps
double(sum(counts(s:number_acq:end)))
   824

helper
   31.6923

handles.Array_PSeq{helper_scan,1}.Channels(3).RiseDurations(s)
   2.6000e-07

Repetitions
      100000

for kcps
double(sum(counts(s:number_acq:end)))
   659

helper
   25.3462

handles.Array_PSeq{helper_scan,1}.Channels(3).RiseDurations(s)
   2.6000e-07

Repetitions
      100000

check .Channels(2).Enable 4
     1

check .Channels(2).Enable 1
     1

handles.Array_PSeq{helper_scan,aux}.Channels(2).Frequency
   3.8271e+09

handles.Array_PSeq{helper_scan,aux}.Channels(2).FreqIQ
    50000000

obj.interfaceSigGen.Frequency(1)
   3.8271e+09

check .Channels(2).Enable 5
check .Channels(2).Enable 5
     1

num_points
        3243

nI and nQ
        3293

        3293

check .Channels(2).Enable 6
     1

send_waveforms_siglent done
check .Channels(2).Enable 7
     1

PB bit 0 (Ch1) rises = 3
PB bit 1 (Ch2) rises = 1
PB bit 2 (Ch3) rises = 2
PB bit 3 (Ch4) rises = 1
PB bit 4 (Ch5) rises = 0
PB bit 5 (Ch6) rises = 0
PB bit 6 (Ch7) rises = 0
PB bit 7 (Ch8) rises = 0
Expected gates = 200000
TSPD_total = 5.200e-07 s
sendSequence done
1rep: SPD rises=2 (number_acq=2)
num (expected samples) = 200000
length(counts)        = 200000
nonzero counts        = 1528
mean(counts)          = 0.00773
PB done
DAQ done
check .Channels(2).Enable 2
     1

for kcps
double(sum(counts(s:number_acq:end)))
   790

helper
   30.3846

handles.Array_PSeq{helper_scan,1}.Channels(3).RiseDurations(s)
   2.6000e-07

Repetitions
      100000

for kcps
double(sum(counts(s:number_acq:end)))
   755

helper
   29.0385

handles.Array_PSeq{helper_scan,1}.Channels(3).RiseDurations(s)
   2.6000e-07

Repetitions
      100000

check .Channels(2).Enable 4
     1

check .Channels(2).Enable 1
     1

handles.Array_PSeq{helper_scan,aux}.Channels(2).Frequency
   3.8274e+09

handles.Array_PSeq{helper_scan,aux}.Channels(2).FreqIQ
    50000000

obj.interfaceSigGen.Frequency(1)
   3.8274e+09

check .Channels(2).Enable 5
check .Channels(2).Enable 5
     1

num_points
        3243

nI and nQ
        3293

        3293

check .Channels(2).Enable 6
     1

send_waveforms_siglent done
check .Channels(2).Enable 7
     1

PB bit 0 (Ch1) rises = 3
PB bit 1 (Ch2) rises = 1
PB bit 2 (Ch3) rises = 2
PB bit 3 (Ch4) rises = 1
PB bit 4 (Ch5) rises = 0
PB bit 5 (Ch6) rises = 0
PB bit 6 (Ch7) rises = 0
PB bit 7 (Ch8) rises = 0
Expected gates = 200000
TSPD_total = 5.200e-07 s
sendSequence done
1rep: SPD rises=2 (number_acq=2)
num (expected samples) = 200000
length(counts)        = 200000
nonzero counts        = 1467
mean(counts)          = 0.00747
PB done
DAQ done
check .Channels(2).Enable 2
     1

for kcps
double(sum(counts(s:number_acq:end)))
   766

helper
   29.4615

handles.Array_PSeq{helper_scan,1}.Channels(3).RiseDurations(s)
   2.6000e-07

Repetitions
      100000

for kcps
double(sum(counts(s:number_acq:end)))
   729

helper
   28.0385

handles.Array_PSeq{helper_scan,1}.Channels(3).RiseDurations(s)
   2.6000e-07

Repetitions
      100000

check .Channels(2).Enable 4
     1

check .Channels(2).Enable 1
     1

handles.Array_PSeq{helper_scan,aux}.Channels(2).Frequency
   3.8276e+09

handles.Array_PSeq{helper_scan,aux}.Channels(2).FreqIQ
    50000000

obj.interfaceSigGen.Frequency(1)
   3.8276e+09

check .Channels(2).Enable 5
check .Channels(2).Enable 5
     1

num_points
        3243

nI and nQ
        3293

        3293

check .Channels(2).Enable 6
     1

send_waveforms_siglent done
check .Channels(2).Enable 7
     1

PB bit 0 (Ch1) rises = 3
PB bit 1 (Ch2) rises = 1
PB bit 2 (Ch3) rises = 2
PB bit 3 (Ch4) rises = 1
PB bit 4 (Ch5) rises = 0
PB bit 5 (Ch6) rises = 0
PB bit 6 (Ch7) rises = 0
PB bit 7 (Ch8) rises = 0
Expected gates = 200000
TSPD_total = 5.200e-07 s
sendSequence done
1rep: SPD rises=2 (number_acq=2)
num (expected samples) = 200000
length(counts)        = 200000
nonzero counts        = 1523
mean(counts)          = 0.00775
PB done
DAQ done
check .Channels(2).Enable 2
     1

for kcps
double(sum(counts(s:number_acq:end)))
   755

helper
   29.0385

handles.Array_PSeq{helper_scan,1}.Channels(3).RiseDurations(s)
   2.6000e-07

Repetitions
      100000

for kcps
double(sum(counts(s:number_acq:end)))
   796

helper
   30.6154

handles.Array_PSeq{helper_scan,1}.Channels(3).RiseDurations(s)
   2.6000e-07

Repetitions
      100000

check .Channels(2).Enable 4
     1

check .Channels(2).Enable 1
     1

handles.Array_PSeq{helper_scan,aux}.Channels(2).Frequency
   3.8279e+09

handles.Array_PSeq{helper_scan,aux}.Channels(2).FreqIQ
    50000000

obj.interfaceSigGen.Frequency(1)
   3.8279e+09

check .Channels(2).Enable 5
check .Channels(2).Enable 5
     1

num_points
        3243

nI and nQ
        3293

        3293

check .Channels(2).Enable 6
     1

send_waveforms_siglent done
check .Channels(2).Enable 7
     1

PB bit 0 (Ch1) rises = 3
PB bit 1 (Ch2) rises = 1
PB bit 2 (Ch3) rises = 2
PB bit 3 (Ch4) rises = 1
PB bit 4 (Ch5) rises = 0
PB bit 5 (Ch6) rises = 0
PB bit 6 (Ch7) rises = 0
PB bit 7 (Ch8) rises = 0
Expected gates = 200000
TSPD_total = 5.200e-07 s
sendSequence done
1rep: SPD rises=2 (number_acq=2)
num (expected samples) = 200000
length(counts)        = 200000
nonzero counts        = 1553
mean(counts)          = 0.00791
PB done
DAQ done
check .Channels(2).Enable 2
     1

for kcps
double(sum(counts(s:number_acq:end)))
   823

helper
   31.6538

handles.Array_PSeq{helper_scan,1}.Channels(3).RiseDurations(s)
   2.6000e-07

Repetitions
      100000

for kcps
double(sum(counts(s:number_acq:end)))
   759

helper
   29.1923

handles.Array_PSeq{helper_scan,1}.Channels(3).RiseDurations(s)
   2.6000e-07

Repetitions
      100000

check .Channels(2).Enable 4
     1

check .Channels(2).Enable 1
     1

handles.Array_PSeq{helper_scan,aux}.Channels(2).Frequency
   3.8281e+09

handles.Array_PSeq{helper_scan,aux}.Channels(2).FreqIQ
    50000000

obj.interfaceSigGen.Frequency(1)
   3.8281e+09

check .Channels(2).Enable 5
check .Channels(2).Enable 5
     1

num_points
        3243

nI and nQ
        3293

        3293

check .Channels(2).Enable 6
     1

send_waveforms_siglent done
check .Channels(2).Enable 7
     1

PB bit 0 (Ch1) rises = 3
PB bit 1 (Ch2) rises = 1
PB bit 2 (Ch3) rises = 2
PB bit 3 (Ch4) rises = 1
PB bit 4 (Ch5) rises = 0
PB bit 5 (Ch6) rises = 0
PB bit 6 (Ch7) rises = 0
PB bit 7 (Ch8) rises = 0
Expected gates = 200000
TSPD_total = 5.200e-07 s
sendSequence done
1rep: SPD rises=2 (number_acq=2)
num (expected samples) = 200000
length(counts)        = 200000
nonzero counts        = 1605
mean(counts)          = 0.00813
PB done
DAQ done
check .Channels(2).Enable 2
     1

for kcps
double(sum(counts(s:number_acq:end)))
   808

helper
   31.0769

handles.Array_PSeq{helper_scan,1}.Channels(3).RiseDurations(s)
   2.6000e-07

Repetitions
      100000

for kcps
double(sum(counts(s:number_acq:end)))
   819

helper
   31.5000

handles.Array_PSeq{helper_scan,1}.Channels(3).RiseDurations(s)
   2.6000e-07

Repetitions
      100000

check .Channels(2).Enable 4
     1

check .Channels(2).Enable 1
     1

handles.Array_PSeq{helper_scan,aux}.Channels(2).Frequency
   3.8284e+09

handles.Array_PSeq{helper_scan,aux}.Channels(2).FreqIQ
    50000000

obj.interfaceSigGen.Frequency(1)
   3.8284e+09

check .Channels(2).Enable 5
check .Channels(2).Enable 5
     1

num_points
        3243

nI and nQ
        3293

        3293

check .Channels(2).Enable 6
     1

send_waveforms_siglent done
check .Channels(2).Enable 7
     1

PB bit 0 (Ch1) rises = 3
PB bit 1 (Ch2) rises = 1
PB bit 2 (Ch3) rises = 2
PB bit 3 (Ch4) rises = 1
PB bit 4 (Ch5) rises = 0
PB bit 5 (Ch6) rises = 0
PB bit 6 (Ch7) rises = 0
PB bit 7 (Ch8) rises = 0
Expected gates = 200000
TSPD_total = 5.200e-07 s
sendSequence done
1rep: SPD rises=2 (number_acq=2)
num (expected samples) = 200000
length(counts)        = 200000
nonzero counts        = 1552
mean(counts)          = 0.00785
PB done
DAQ done
check .Channels(2).Enable 2
     1

for kcps
double(sum(counts(s:number_acq:end)))
   769

helper
   29.5769

handles.Array_PSeq{helper_scan,1}.Channels(3).RiseDurations(s)
   2.6000e-07

Repetitions
      100000

for kcps
double(sum(counts(s:number_acq:end)))
   801

helper
   30.8077

handles.Array_PSeq{helper_scan,1}.Channels(3).RiseDurations(s)
   2.6000e-07

Repetitions
      100000

check .Channels(2).Enable 4
     1

check .Channels(2).Enable 1
     1

handles.Array_PSeq{helper_scan,aux}.Channels(2).Frequency
   3.8286e+09

handles.Array_PSeq{helper_scan,aux}.Channels(2).FreqIQ
    50000000

obj.interfaceSigGen.Frequency(1)
   3.8286e+09

check .Channels(2).Enable 5
check .Channels(2).Enable 5
     1

num_points
        3243

nI and nQ
        3293

        3293

check .Channels(2).Enable 6
     1

send_waveforms_siglent done
check .Channels(2).Enable 7
     1

PB bit 0 (Ch1) rises = 3
PB bit 1 (Ch2) rises = 1
PB bit 2 (Ch3) rises = 2
PB bit 3 (Ch4) rises = 1
PB bit 4 (Ch5) rises = 0
PB bit 5 (Ch6) rises = 0
PB bit 6 (Ch7) rises = 0
PB bit 7 (Ch8) rises = 0
Expected gates = 200000
TSPD_total = 5.200e-07 s
sendSequence done
1rep: SPD rises=2 (number_acq=2)
num (expected samples) = 200000
length(counts)        = 200000
nonzero counts        = 1580
mean(counts)          = 0.00803
PB done
DAQ done
check .Channels(2).Enable 2
     1

for kcps
double(sum(counts(s:number_acq:end)))
   832

helper
    32

handles.Array_PSeq{helper_scan,1}.Channels(3).RiseDurations(s)
   2.6000e-07

Repetitions
      100000

for kcps
double(sum(counts(s:number_acq:end)))
   774

helper
   29.7692

handles.Array_PSeq{helper_scan,1}.Channels(3).RiseDurations(s)
   2.6000e-07

Repetitions
      100000

check .Channels(2).Enable 4
     1

check .Channels(2).Enable 1
     1

handles.Array_PSeq{helper_scan,aux}.Channels(2).Frequency
   3.8289e+09

handles.Array_PSeq{helper_scan,aux}.Channels(2).FreqIQ
    50000000

obj.interfaceSigGen.Frequency(1)
   3.8289e+09

check .Channels(2).Enable 5
check .Channels(2).Enable 5
     1

num_points
        3243

nI and nQ
        3293

        3293

check .Channels(2).Enable 6
     1

send_waveforms_siglent done
check .Channels(2).Enable 7
     1

PB bit 0 (Ch1) rises = 3
PB bit 1 (Ch2) rises = 1
PB bit 2 (Ch3) rises = 2
PB bit 3 (Ch4) rises = 1
PB bit 4 (Ch5) rises = 0
PB bit 5 (Ch6) rises = 0
PB bit 6 (Ch7) rises = 0
PB bit 7 (Ch8) rises = 0
Expected gates = 200000
TSPD_total = 5.200e-07 s
sendSequence done
1rep: SPD rises=2 (number_acq=2)
num (expected samples) = 200000
length(counts)        = 200000
nonzero counts        = 1633
mean(counts)          = 0.00825
PB done
DAQ done
check .Channels(2).Enable 2
     1

for kcps
double(sum(counts(s:number_acq:end)))
   865

helper
   33.2692

handles.Array_PSeq{helper_scan,1}.Channels(3).RiseDurations(s)
   2.6000e-07

Repetitions
      100000

for kcps
double(sum(counts(s:number_acq:end)))
   785

helper
   30.1923

handles.Array_PSeq{helper_scan,1}.Channels(3).RiseDurations(s)
   2.6000e-07

Repetitions
      100000

check .Channels(2).Enable 4
     1

check .Channels(2).Enable 1
     1

handles.Array_PSeq{helper_scan,aux}.Channels(2).Frequency
   3.8291e+09

handles.Array_PSeq{helper_scan,aux}.Channels(2).FreqIQ
    50000000

obj.interfaceSigGen.Frequency(1)
   3.8291e+09

check .Channels(2).Enable 5
check .Channels(2).Enable 5
     1

num_points
        3243

nI and nQ
        3293

        3293

check .Channels(2).Enable 6
     1

send_waveforms_siglent done
check .Channels(2).Enable 7
     1

PB bit 0 (Ch1) rises = 3
PB bit 1 (Ch2) rises = 1
PB bit 2 (Ch3) rises = 2
PB bit 3 (Ch4) rises = 1
PB bit 4 (Ch5) rises = 0
PB bit 5 (Ch6) rises = 0
PB bit 6 (Ch7) rises = 0
PB bit 7 (Ch8) rises = 0
Expected gates = 200000
TSPD_total = 5.200e-07 s
sendSequence done
1rep: SPD rises=2 (number_acq=2)
num (expected samples) = 200000
length(counts)        = 200000
nonzero counts        = 1589
mean(counts)          = 0.00806
PB done
DAQ done
check .Channels(2).Enable 2
     1

for kcps
double(sum(counts(s:number_acq:end)))
   817

helper
   31.4231

handles.Array_PSeq{helper_scan,1}.Channels(3).RiseDurations(s)
   2.6000e-07

Repetitions
      100000

for kcps
double(sum(counts(s:number_acq:end)))
   796

helper
   30.6154

handles.Array_PSeq{helper_scan,1}.Channels(3).RiseDurations(s)
   2.6000e-07

Repetitions
      100000

check .Channels(2).Enable 4
     1

check .Channels(2).Enable 1
     1

handles.Array_PSeq{helper_scan,aux}.Channels(2).Frequency
   3.8294e+09

handles.Array_PSeq{helper_scan,aux}.Channels(2).FreqIQ
    50000000

obj.interfaceSigGen.Frequency(1)
   3.8294e+09

check .Channels(2).Enable 5
check .Channels(2).Enable 5
     1

num_points
        3243

nI and nQ
        3293

        3293

check .Channels(2).Enable 6
     1

send_waveforms_siglent done
check .Channels(2).Enable 7
     1

PB bit 0 (Ch1) rises = 3
PB bit 1 (Ch2) rises = 1
PB bit 2 (Ch3) rises = 2
PB bit 3 (Ch4) rises = 1
PB bit 4 (Ch5) rises = 0
PB bit 5 (Ch6) rises = 0
PB bit 6 (Ch7) rises = 0
PB bit 7 (Ch8) rises = 0
Expected gates = 200000
TSPD_total = 5.200e-07 s
sendSequence done
1rep: SPD rises=2 (number_acq=2)
num (expected samples) = 200000
length(counts)        = 200000
nonzero counts        = 1584
mean(counts)          = 0.00803
PB done
DAQ done
check .Channels(2).Enable 2
     1

for kcps
double(sum(counts(s:number_acq:end)))
   828

helper
   31.8462

handles.Array_PSeq{helper_scan,1}.Channels(3).RiseDurations(s)
   2.6000e-07

Repetitions
      100000

for kcps
double(sum(counts(s:number_acq:end)))
   778

helper
   29.9231

handles.Array_PSeq{helper_scan,1}.Channels(3).RiseDurations(s)
   2.6000e-07

Repetitions
      100000

check .Channels(2).Enable 4
     1

check .Channels(2).Enable 1
     1

handles.Array_PSeq{helper_scan,aux}.Channels(2).Frequency
   3.8294e+09

handles.Array_PSeq{helper_scan,aux}.Channels(2).FreqIQ
    50000000

obj.interfaceSigGen.Frequency(1)
   3.8294e+09

check .Channels(2).Enable 5
check .Channels(2).Enable 5
     1

num_points
        3243

nI and nQ
        3293

        3293

check .Channels(2).Enable 6
     1

send_waveforms_siglent done
check .Channels(2).Enable 7
     1

PB bit 0 (Ch1) rises = 3
PB bit 1 (Ch2) rises = 1
PB bit 2 (Ch3) rises = 2
PB bit 3 (Ch4) rises = 1
PB bit 4 (Ch5) rises = 0
PB bit 5 (Ch6) rises = 0
PB bit 6 (Ch7) rises = 0
PB bit 7 (Ch8) rises = 0
Expected gates = 200000
TSPD_total = 5.200e-07 s
sendSequence done
1rep: SPD rises=2 (number_acq=2)
num (expected samples) = 200000
length(counts)        = 200000
nonzero counts        = 1507
mean(counts)          = 0.00766
PB done
DAQ done
check .Channels(2).Enable 2
     1

for kcps
double(sum(counts(s:number_acq:end)))
   781

helper
   30.0385

handles.Array_PSeq{helper_scan,1}.Channels(3).RiseDurations(s)
   2.6000e-07

Repetitions
      100000

for kcps
double(sum(counts(s:number_acq:end)))
   751

helper
   28.8846

handles.Array_PSeq{helper_scan,1}.Channels(3).RiseDurations(s)
   2.6000e-07

Repetitions
      100000

check .Channels(2).Enable 4
     1

check .Channels(2).Enable 1
     1

handles.Array_PSeq{helper_scan,aux}.Channels(2).Frequency
   3.8291e+09

handles.Array_PSeq{helper_scan,aux}.Channels(2).FreqIQ
    50000000

obj.interfaceSigGen.Frequency(1)
   3.8291e+09

check .Channels(2).Enable 5
check .Channels(2).Enable 5
     1

num_points
        3243

nI and nQ
        3293

        3293

check .Channels(2).Enable 6
     1

send_waveforms_siglent done
check .Channels(2).Enable 7
     1

PB bit 0 (Ch1) rises = 3
PB bit 1 (Ch2) rises = 1
PB bit 2 (Ch3) rises = 2
PB bit 3 (Ch4) rises = 1
PB bit 4 (Ch5) rises = 0
PB bit 5 (Ch6) rises = 0
PB bit 6 (Ch7) rises = 0
PB bit 7 (Ch8) rises = 0
Expected gates = 200000
TSPD_total = 5.200e-07 s
sendSequence done
1rep: SPD rises=2 (number_acq=2)
num (expected samples) = 200000
length(counts)        = 200000
nonzero counts        = 1484
mean(counts)          = 0.00753
PB done
DAQ done
check .Channels(2).Enable 2
     1

for kcps
double(sum(counts(s:number_acq:end)))
   718

helper
   27.6154

handles.Array_PSeq{helper_scan,1}.Channels(3).RiseDurations(s)
   2.6000e-07

Repetitions
      100000

for kcps
double(sum(counts(s:number_acq:end)))
   788

helper
   30.3077

handles.Array_PSeq{helper_scan,1}.Channels(3).RiseDurations(s)
   2.6000e-07

Repetitions
      100000

check .Channels(2).Enable 4
     1

check .Channels(2).Enable 1
     1

handles.Array_PSeq{helper_scan,aux}.Channels(2).Frequency
   3.8289e+09

handles.Array_PSeq{helper_scan,aux}.Channels(2).FreqIQ
    50000000

obj.interfaceSigGen.Frequency(1)
   3.8289e+09

check .Channels(2).Enable 5
check .Channels(2).Enable 5
     1

num_points
        3243

nI and nQ
        3293

        3293

check .Channels(2).Enable 6
     1

send_waveforms_siglent done
check .Channels(2).Enable 7
     1

PB bit 0 (Ch1) rises = 3
PB bit 1 (Ch2) rises = 1
PB bit 2 (Ch3) rises = 2
PB bit 3 (Ch4) rises = 1
PB bit 4 (Ch5) rises = 0
PB bit 5 (Ch6) rises = 0
PB bit 6 (Ch7) rises = 0
PB bit 7 (Ch8) rises = 0
Expected gates = 200000
TSPD_total = 5.200e-07 s
sendSequence done
1rep: SPD rises=2 (number_acq=2)
num (expected samples) = 200000
length(counts)        = 200000
nonzero counts        = 1460
mean(counts)          = 0.00745
PB done
DAQ done
check .Channels(2).Enable 2
     1

for kcps
double(sum(counts(s:number_acq:end)))
   717

helper
   27.5769

handles.Array_PSeq{helper_scan,1}.Channels(3).RiseDurations(s)
   2.6000e-07

Repetitions
      100000

for kcps
double(sum(counts(s:number_acq:end)))
   773

helper
   29.7308

handles.Array_PSeq{helper_scan,1}.Channels(3).RiseDurations(s)
   2.6000e-07

Repetitions
      100000

check .Channels(2).Enable 4
     1

check .Channels(2).Enable 1
     1

handles.Array_PSeq{helper_scan,aux}.Channels(2).Frequency
   3.8286e+09

handles.Array_PSeq{helper_scan,aux}.Channels(2).FreqIQ
    50000000

obj.interfaceSigGen.Frequency(1)
   3.8286e+09

check .Channels(2).Enable 5
check .Channels(2).Enable 5
     1

num_points
        3243

nI and nQ
        3293

        3293

check .Channels(2).Enable 6
     1

send_waveforms_siglent done
check .Channels(2).Enable 7
     1

PB bit 0 (Ch1) rises = 3
PB bit 1 (Ch2) rises = 1
PB bit 2 (Ch3) rises = 2
PB bit 3 (Ch4) rises = 1
PB bit 4 (Ch5) rises = 0
PB bit 5 (Ch6) rises = 0
PB bit 6 (Ch7) rises = 0
PB bit 7 (Ch8) rises = 0
Expected gates = 200000
TSPD_total = 5.200e-07 s
sendSequence done
1rep: SPD rises=2 (number_acq=2)
num (expected samples) = 200000
length(counts)        = 200000
nonzero counts        = 1500
mean(counts)          = 0.00764
PB done
DAQ done
check .Channels(2).Enable 2
     1

for kcps
double(sum(counts(s:number_acq:end)))
   772

helper
   29.6923

handles.Array_PSeq{helper_scan,1}.Channels(3).RiseDurations(s)
   2.6000e-07

Repetitions
      100000

for kcps
double(sum(counts(s:number_acq:end)))
   756

helper
   29.0769

handles.Array_PSeq{helper_scan,1}.Channels(3).RiseDurations(s)
   2.6000e-07

Repetitions
      100000

check .Channels(2).Enable 4
     1

check .Channels(2).Enable 1
     1

handles.Array_PSeq{helper_scan,aux}.Channels(2).Frequency
   3.8284e+09

handles.Array_PSeq{helper_scan,aux}.Channels(2).FreqIQ
    50000000

obj.interfaceSigGen.Frequency(1)
   3.8284e+09

check .Channels(2).Enable 5
check .Channels(2).Enable 5
     1

num_points
        3243

nI and nQ
        3293

        3293

check .Channels(2).Enable 6
     1

send_waveforms_siglent done
check .Channels(2).Enable 7
     1

PB bit 0 (Ch1) rises = 3
PB bit 1 (Ch2) rises = 1
PB bit 2 (Ch3) rises = 2
PB bit 3 (Ch4) rises = 1
PB bit 4 (Ch5) rises = 0
PB bit 5 (Ch6) rises = 0
PB bit 6 (Ch7) rises = 0
PB bit 7 (Ch8) rises = 0
Expected gates = 200000
TSPD_total = 5.200e-07 s
sendSequence done
1rep: SPD rises=2 (number_acq=2)
num (expected samples) = 200000
length(counts)        = 200000
nonzero counts        = 1505
mean(counts)          = 0.00761
PB done
DAQ done
check .Channels(2).Enable 2
     1

for kcps
double(sum(counts(s:number_acq:end)))
   770

helper
   29.6154

handles.Array_PSeq{helper_scan,1}.Channels(3).RiseDurations(s)
   2.6000e-07

Repetitions
      100000

for kcps
double(sum(counts(s:number_acq:end)))
   752

helper
   28.9231

handles.Array_PSeq{helper_scan,1}.Channels(3).RiseDurations(s)
   2.6000e-07

Repetitions
      100000

check .Channels(2).Enable 4
     1

check .Channels(2).Enable 1
     1

handles.Array_PSeq{helper_scan,aux}.Channels(2).Frequency
   3.8281e+09

handles.Array_PSeq{helper_scan,aux}.Channels(2).FreqIQ
    50000000

obj.interfaceSigGen.Frequency(1)
   3.8281e+09

check .Channels(2).Enable 5
check .Channels(2).Enable 5
     1

num_points
        3243

nI and nQ
        3293

        3293

check .Channels(2).Enable 6
     1

send_waveforms_siglent done
check .Channels(2).Enable 7
     1

PB bit 0 (Ch1) rises = 3
PB bit 1 (Ch2) rises = 1
PB bit 2 (Ch3) rises = 2
PB bit 3 (Ch4) rises = 1
PB bit 4 (Ch5) rises = 0
PB bit 5 (Ch6) rises = 0
PB bit 6 (Ch7) rises = 0
PB bit 7 (Ch8) rises = 0
Expected gates = 200000
TSPD_total = 5.200e-07 s
sendSequence done
1rep: SPD rises=2 (number_acq=2)
num (expected samples) = 200000
length(counts)        = 200000
nonzero counts        = 1566
mean(counts)          = 0.00796
PB done
DAQ done
check .Channels(2).Enable 2
     1

for kcps
double(sum(counts(s:number_acq:end)))
   782

helper
   30.0769

handles.Array_PSeq{helper_scan,1}.Channels(3).RiseDurations(s)
   2.6000e-07

Repetitions
      100000

for kcps
double(sum(counts(s:number_acq:end)))
   809

helper
   31.1154

handles.Array_PSeq{helper_scan,1}.Channels(3).RiseDurations(s)
   2.6000e-07

Repetitions
      100000

check .Channels(2).Enable 4
     1

check .Channels(2).Enable 1
     1

handles.Array_PSeq{helper_scan,aux}.Channels(2).Frequency
   3.8279e+09

handles.Array_PSeq{helper_scan,aux}.Channels(2).FreqIQ
    50000000

obj.interfaceSigGen.Frequency(1)
   3.8279e+09

check .Channels(2).Enable 5
check .Channels(2).Enable 5
     1

num_points
        3243

nI and nQ
        3293

        3293

check .Channels(2).Enable 6
     1

send_waveforms_siglent done
check .Channels(2).Enable 7
     1

PB bit 0 (Ch1) rises = 3
PB bit 1 (Ch2) rises = 1
PB bit 2 (Ch3) rises = 2
PB bit 3 (Ch4) rises = 1
PB bit 4 (Ch5) rises = 0
PB bit 5 (Ch6) rises = 0
PB bit 6 (Ch7) rises = 0
PB bit 7 (Ch8) rises = 0
Expected gates = 200000
TSPD_total = 5.200e-07 s
sendSequence done
1rep: SPD rises=2 (number_acq=2)
num (expected samples) = 200000
length(counts)        = 200000
nonzero counts        = 1471
mean(counts)          = 0.00747
PB done
DAQ done
check .Channels(2).Enable 2
     1

for kcps
double(sum(counts(s:number_acq:end)))
   750

helper
   28.8462

handles.Array_PSeq{helper_scan,1}.Channels(3).RiseDurations(s)
   2.6000e-07

Repetitions
      100000

for kcps
double(sum(counts(s:number_acq:end)))
   744

helper
   28.6154

handles.Array_PSeq{helper_scan,1}.Channels(3).RiseDurations(s)
   2.6000e-07

Repetitions
      100000

check .Channels(2).Enable 4
     1

check .Channels(2).Enable 1
     1

handles.Array_PSeq{helper_scan,aux}.Channels(2).Frequency
   3.8276e+09

handles.Array_PSeq{helper_scan,aux}.Channels(2).FreqIQ
    50000000

obj.interfaceSigGen.Frequency(1)
   3.8276e+09

check .Channels(2).Enable 5
check .Channels(2).Enable 5
     1

num_points
        3243

nI and nQ
        3293

        3293

check .Channels(2).Enable 6
     1

send_waveforms_siglent done
check .Channels(2).Enable 7
     1

PB bit 0 (Ch1) rises = 3
PB bit 1 (Ch2) rises = 1
PB bit 2 (Ch3) rises = 2
PB bit 3 (Ch4) rises = 1
PB bit 4 (Ch5) rises = 0
PB bit 5 (Ch6) rises = 0
PB bit 6 (Ch7) rises = 0
PB bit 7 (Ch8) rises = 0
Expected gates = 200000
TSPD_total = 5.200e-07 s
sendSequence done
1rep: SPD rises=2 (number_acq=2)
num (expected samples) = 200000
length(counts)        = 200000
nonzero counts        = 1422
mean(counts)          = 0.0072
PB done
DAQ done
check .Channels(2).Enable 2
     1

for kcps
double(sum(counts(s:number_acq:end)))
   728

helper
    28

handles.Array_PSeq{helper_scan,1}.Channels(3).RiseDurations(s)
   2.6000e-07

Repetitions
      100000

for kcps
double(sum(counts(s:number_acq:end)))
   713

helper
   27.4231

handles.Array_PSeq{helper_scan,1}.Channels(3).RiseDurations(s)
   2.6000e-07

Repetitions
      100000

check .Channels(2).Enable 4
     1

check .Channels(2).Enable 1
     1

handles.Array_PSeq{helper_scan,aux}.Channels(2).Frequency
   3.8274e+09

handles.Array_PSeq{helper_scan,aux}.Channels(2).FreqIQ
    50000000

obj.interfaceSigGen.Frequency(1)
   3.8274e+09

check .Channels(2).Enable 5
check .Channels(2).Enable 5
     1

num_points
        3243

nI and nQ
        3293

        3293

check .Channels(2).Enable 6
     1

send_waveforms_siglent done
check .Channels(2).Enable 7
     1

PB bit 0 (Ch1) rises = 3
PB bit 1 (Ch2) rises = 1
PB bit 2 (Ch3) rises = 2
PB bit 3 (Ch4) rises = 1
PB bit 4 (Ch5) rises = 0
PB bit 5 (Ch6) rises = 0
PB bit 6 (Ch7) rises = 0
PB bit 7 (Ch8) rises = 0
Expected gates = 200000
TSPD_total = 5.200e-07 s
sendSequence done
1rep: SPD rises=2 (number_acq=2)
num (expected samples) = 200000
length(counts)        = 200000
nonzero counts        = 1516
mean(counts)          = 0.00767
PB done
DAQ done
check .Channels(2).Enable 2
     1

for kcps
double(sum(counts(s:number_acq:end)))
   811

helper
   31.1923

handles.Array_PSeq{helper_scan,1}.Channels(3).RiseDurations(s)
   2.6000e-07

Repetitions
      100000

for kcps
double(sum(counts(s:number_acq:end)))
   723

helper
   27.8077

handles.Array_PSeq{helper_scan,1}.Channels(3).RiseDurations(s)
   2.6000e-07

Repetitions
      100000

check .Channels(2).Enable 4
     1

check .Channels(2).Enable 1
     1

handles.Array_PSeq{helper_scan,aux}.Channels(2).Frequency
   3.8271e+09

handles.Array_PSeq{helper_scan,aux}.Channels(2).FreqIQ
    50000000

obj.interfaceSigGen.Frequency(1)
   3.8271e+09

check .Channels(2).Enable 5
check .Channels(2).Enable 5
     1

num_points
        3243

nI and nQ
        3293

        3293

check .Channels(2).Enable 6
     1

send_waveforms_siglent done
check .Channels(2).Enable 7
     1

PB bit 0 (Ch1) rises = 3
PB bit 1 (Ch2) rises = 1
PB bit 2 (Ch3) rises = 2
PB bit 3 (Ch4) rises = 1
PB bit 4 (Ch5) rises = 0
PB bit 5 (Ch6) rises = 0
PB bit 6 (Ch7) rises = 0
PB bit 7 (Ch8) rises = 0
Expected gates = 200000
TSPD_total = 5.200e-07 s
sendSequence done
1rep: SPD rises=2 (number_acq=2)
num (expected samples) = 200000
length(counts)        = 200000
nonzero counts        = 1343
mean(counts)          = 0.00681
PB done
DAQ done
check .Channels(2).Enable 2
     1

for kcps
double(sum(counts(s:number_acq:end)))
   735

helper
   28.2692

handles.Array_PSeq{helper_scan,1}.Channels(3).RiseDurations(s)
   2.6000e-07

Repetitions
      100000

for kcps
double(sum(counts(s:number_acq:end)))
   628

helper
   24.1538

handles.Array_PSeq{helper_scan,1}.Channels(3).RiseDurations(s)
   2.6000e-07

Repetitions
      100000

check .Channels(2).Enable 4
     1

check .Channels(2).Enable 1
     1

handles.Array_PSeq{helper_scan,aux}.Channels(2).Frequency
   3.8269e+09

handles.Array_PSeq{helper_scan,aux}.Channels(2).FreqIQ
    50000000

obj.interfaceSigGen.Frequency(1)
   3.8269e+09

check .Channels(2).Enable 5
check .Channels(2).Enable 5
     1

num_points
        3243

nI and nQ
        3293

        3293

check .Channels(2).Enable 6
     1

send_waveforms_siglent done
check .Channels(2).Enable 7
     1

PB bit 0 (Ch1) rises = 3
PB bit 1 (Ch2) rises = 1
PB bit 2 (Ch3) rises = 2
PB bit 3 (Ch4) rises = 1
PB bit 4 (Ch5) rises = 0
PB bit 5 (Ch6) rises = 0
PB bit 6 (Ch7) rises = 0
PB bit 7 (Ch8) rises = 0
Expected gates = 200000
TSPD_total = 5.200e-07 s
sendSequence done
1rep: SPD rises=2 (number_acq=2)
num (expected samples) = 200000
length(counts)        = 200000
nonzero counts        = 1390
mean(counts)          = 0.00705
PB done
DAQ done
check .Channels(2).Enable 2
     1

for kcps
double(sum(counts(s:number_acq:end)))
   753

helper
   28.9615

handles.Array_PSeq{helper_scan,1}.Channels(3).RiseDurations(s)
   2.6000e-07

Repetitions
      100000

for kcps
double(sum(counts(s:number_acq:end)))
   657

helper
   25.2692

handles.Array_PSeq{helper_scan,1}.Channels(3).RiseDurations(s)
   2.6000e-07

Repetitions
      100000

check .Channels(2).Enable 4
     1

check .Channels(2).Enable 1
     1

handles.Array_PSeq{helper_scan,aux}.Channels(2).Frequency
   3.8266e+09

handles.Array_PSeq{helper_scan,aux}.Channels(2).FreqIQ
    50000000

obj.interfaceSigGen.Frequency(1)
   3.8266e+09

check .Channels(2).Enable 5
check .Channels(2).Enable 5
     1

num_points
        3243

nI and nQ
        3293

        3293

check .Channels(2).Enable 6
     1

send_waveforms_siglent done
check .Channels(2).Enable 7
     1

PB bit 0 (Ch1) rises = 3
PB bit 1 (Ch2) rises = 1
PB bit 2 (Ch3) rises = 2
PB bit 3 (Ch4) rises = 1
PB bit 4 (Ch5) rises = 0
PB bit 5 (Ch6) rises = 0
PB bit 6 (Ch7) rises = 0
PB bit 7 (Ch8) rises = 0
Expected gates = 200000
TSPD_total = 5.200e-07 s
sendSequence done
1rep: SPD rises=2 (number_acq=2)
num (expected samples) = 200000
length(counts)        = 200000
nonzero counts        = 1407
mean(counts)          = 0.00711
PB done
DAQ done
check .Channels(2).Enable 2
     1

for kcps
double(sum(counts(s:number_acq:end)))
   796

helper
   30.6154

handles.Array_PSeq{helper_scan,1}.Channels(3).RiseDurations(s)
   2.6000e-07

Repetitions
      100000

for kcps
double(sum(counts(s:number_acq:end)))
   626

helper
   24.0769

handles.Array_PSeq{helper_scan,1}.Channels(3).RiseDurations(s)
   2.6000e-07

Repetitions
      100000

check .Channels(2).Enable 4
     1

check .Channels(2).Enable 1
     1

handles.Array_PSeq{helper_scan,aux}.Channels(2).Frequency
   3.8264e+09

handles.Array_PSeq{helper_scan,aux}.Channels(2).FreqIQ
    50000000

obj.interfaceSigGen.Frequency(1)
   3.8264e+09

check .Channels(2).Enable 5
check .Channels(2).Enable 5
     1

num_points
        3243

nI and nQ
        3293

        3293

check .Channels(2).Enable 6
     1

send_waveforms_siglent done
check .Channels(2).Enable 7
     1

PB bit 0 (Ch1) rises = 3
PB bit 1 (Ch2) rises = 1
PB bit 2 (Ch3) rises = 2
PB bit 3 (Ch4) rises = 1
PB bit 4 (Ch5) rises = 0
PB bit 5 (Ch6) rises = 0
PB bit 6 (Ch7) rises = 0
PB bit 7 (Ch8) rises = 0
Expected gates = 200000
TSPD_total = 5.200e-07 s
sendSequence done
1rep: SPD rises=2 (number_acq=2)
num (expected samples) = 200000
length(counts)        = 200000
nonzero counts        = 1404
mean(counts)          = 0.00713
PB done
DAQ done
check .Channels(2).Enable 2
     1

for kcps
double(sum(counts(s:number_acq:end)))
   811

helper
   31.1923

handles.Array_PSeq{helper_scan,1}.Channels(3).RiseDurations(s)
   2.6000e-07

Repetitions
      100000

for kcps
double(sum(counts(s:number_acq:end)))
   614

helper
   23.6154

handles.Array_PSeq{helper_scan,1}.Channels(3).RiseDurations(s)
   2.6000e-07

Repetitions
      100000

check .Channels(2).Enable 4
     1

check .Channels(2).Enable 1
     1

handles.Array_PSeq{helper_scan,aux}.Channels(2).Frequency
   3.8261e+09

handles.Array_PSeq{helper_scan,aux}.Channels(2).FreqIQ
    50000000

obj.interfaceSigGen.Frequency(1)
   3.8261e+09

check .Channels(2).Enable 5
check .Channels(2).Enable 5
     1

num_points
        3243

nI and nQ
        3293

        3293

check .Channels(2).Enable 6
     1

send_waveforms_siglent done
check .Channels(2).Enable 7
     1

PB bit 0 (Ch1) rises = 3
PB bit 1 (Ch2) rises = 1
PB bit 2 (Ch3) rises = 2
PB bit 3 (Ch4) rises = 1
PB bit 4 (Ch5) rises = 0
PB bit 5 (Ch6) rises = 0
PB bit 6 (Ch7) rises = 0
PB bit 7 (Ch8) rises = 0
Expected gates = 200000
TSPD_total = 5.200e-07 s
sendSequence done
1rep: SPD rises=2 (number_acq=2)
num (expected samples) = 200000
length(counts)        = 200000
nonzero counts        = 1389
mean(counts)          = 0.00703
PB done
DAQ done
check .Channels(2).Enable 2
     1

for kcps
double(sum(counts(s:number_acq:end)))
   813

helper
   31.2692

handles.Array_PSeq{helper_scan,1}.Channels(3).RiseDurations(s)
   2.6000e-07

Repetitions
      100000

for kcps
double(sum(counts(s:number_acq:end)))
   594

helper
   22.8462

handles.Array_PSeq{helper_scan,1}.Channels(3).RiseDurations(s)
   2.6000e-07

Repetitions
      100000

check .Channels(2).Enable 4
     1

check .Channels(2).Enable 1
     1

handles.Array_PSeq{helper_scan,aux}.Channels(2).Frequency
   3.8259e+09

handles.Array_PSeq{helper_scan,aux}.Channels(2).FreqIQ
    50000000

obj.interfaceSigGen.Frequency(1)
   3.8259e+09

check .Channels(2).Enable 5
check .Channels(2).Enable 5
     1

num_points
        3243

nI and nQ
        3293

        3293

check .Channels(2).Enable 6
     1

send_waveforms_siglent done
check .Channels(2).Enable 7
     1

PB bit 0 (Ch1) rises = 3
PB bit 1 (Ch2) rises = 1
PB bit 2 (Ch3) rises = 2
PB bit 3 (Ch4) rises = 1
PB bit 4 (Ch5) rises = 0
PB bit 5 (Ch6) rises = 0
PB bit 6 (Ch7) rises = 0
PB bit 7 (Ch8) rises = 0
Expected gates = 200000
TSPD_total = 5.200e-07 s
sendSequence done
1rep: SPD rises=2 (number_acq=2)
num (expected samples) = 200000
length(counts)        = 200000
nonzero counts        = 1310
mean(counts)          = 0.0066
PB done
DAQ done
check .Channels(2).Enable 2
     1

for kcps
double(sum(counts(s:number_acq:end)))
   726

helper
   27.9231

handles.Array_PSeq{helper_scan,1}.Channels(3).RiseDurations(s)
   2.6000e-07

Repetitions
      100000

for kcps
double(sum(counts(s:number_acq:end)))
   594

helper
   22.8462

handles.Array_PSeq{helper_scan,1}.Channels(3).RiseDurations(s)
   2.6000e-07

Repetitions
      100000

check .Channels(2).Enable 4
     1

check .Channels(2).Enable 1
     1

handles.Array_PSeq{helper_scan,aux}.Channels(2).Frequency
   3.8256e+09

handles.Array_PSeq{helper_scan,aux}.Channels(2).FreqIQ
    50000000

obj.interfaceSigGen.Frequency(1)
   3.8256e+09

check .Channels(2).Enable 5
check .Channels(2).Enable 5
     1

num_points
        3243

nI and nQ
        3293

        3293

check .Channels(2).Enable 6
     1

send_waveforms_siglent done
check .Channels(2).Enable 7
     1

PB bit 0 (Ch1) rises = 3
PB bit 1 (Ch2) rises = 1
PB bit 2 (Ch3) rises = 2
PB bit 3 (Ch4) rises = 1
PB bit 4 (Ch5) rises = 0
PB bit 5 (Ch6) rises = 0
PB bit 6 (Ch7) rises = 0
PB bit 7 (Ch8) rises = 0
Expected gates = 200000
TSPD_total = 5.200e-07 s
sendSequence done
1rep: SPD rises=2 (number_acq=2)
num (expected samples) = 200000
length(counts)        = 200000
nonzero counts        = 1452
mean(counts)          = 0.00738
PB done
DAQ done
check .Channels(2).Enable 2
     1

for kcps
double(sum(counts(s:number_acq:end)))
   801

helper
   30.8077

handles.Array_PSeq{helper_scan,1}.Channels(3).RiseDurations(s)
   2.6000e-07

Repetitions
      100000

for kcps
double(sum(counts(s:number_acq:end)))
   675

helper
   25.9615

handles.Array_PSeq{helper_scan,1}.Channels(3).RiseDurations(s)
   2.6000e-07

Repetitions
      100000

check .Channels(2).Enable 4
     1

check .Channels(2).Enable 1
     1

handles.Array_PSeq{helper_scan,aux}.Channels(2).Frequency
   3.8254e+09

handles.Array_PSeq{helper_scan,aux}.Channels(2).FreqIQ
    50000000

obj.interfaceSigGen.Frequency(1)
   3.8254e+09

check .Channels(2).Enable 5
check .Channels(2).Enable 5
     1

num_points
        3243

nI and nQ
        3293

        3293

check .Channels(2).Enable 6
     1

send_waveforms_siglent done
check .Channels(2).Enable 7
     1

PB bit 0 (Ch1) rises = 3
PB bit 1 (Ch2) rises = 1
PB bit 2 (Ch3) rises = 2
PB bit 3 (Ch4) rises = 1
PB bit 4 (Ch5) rises = 0
PB bit 5 (Ch6) rises = 0
PB bit 6 (Ch7) rises = 0
PB bit 7 (Ch8) rises = 0
Expected gates = 200000
TSPD_total = 5.200e-07 s
sendSequence done
1rep: SPD rises=2 (number_acq=2)
num (expected samples) = 200000
length(counts)        = 200000
nonzero counts        = 1484
mean(counts)          = 0.00751
PB done
DAQ done
check .Channels(2).Enable 2
     1

for kcps
double(sum(counts(s:number_acq:end)))
   770

helper
   29.6154

handles.Array_PSeq{helper_scan,1}.Channels(3).RiseDurations(s)
   2.6000e-07

Repetitions
      100000

for kcps
double(sum(counts(s:number_acq:end)))
   731

helper
   28.1154

handles.Array_PSeq{helper_scan,1}.Channels(3).RiseDurations(s)
   2.6000e-07

Repetitions
      100000

check .Channels(2).Enable 4
     1

check .Channels(2).Enable 1
     1

handles.Array_PSeq{helper_scan,aux}.Channels(2).Frequency
   3.8251e+09

handles.Array_PSeq{helper_scan,aux}.Channels(2).FreqIQ
    50000000

obj.interfaceSigGen.Frequency(1)
   3.8251e+09

check .Channels(2).Enable 5
check .Channels(2).Enable 5
     1

num_points
        3243

nI and nQ
        3293

        3293

check .Channels(2).Enable 6
     1

send_waveforms_siglent done
check .Channels(2).Enable 7
     1

PB bit 0 (Ch1) rises = 3
PB bit 1 (Ch2) rises = 1
PB bit 2 (Ch3) rises = 2
PB bit 3 (Ch4) rises = 1
PB bit 4 (Ch5) rises = 0
PB bit 5 (Ch6) rises = 0
PB bit 6 (Ch7) rises = 0
PB bit 7 (Ch8) rises = 0
Expected gates = 200000
TSPD_total = 5.200e-07 s
sendSequence done
1rep: SPD rises=2 (number_acq=2)
num (expected samples) = 200000
length(counts)        = 200000
nonzero counts        = 1445
mean(counts)          = 0.0073
PB done
DAQ done
check .Channels(2).Enable 2
     1

for kcps
double(sum(counts(s:number_acq:end)))
   704

helper
   27.0769

handles.Array_PSeq{helper_scan,1}.Channels(3).RiseDurations(s)
   2.6000e-07

Repetitions
      100000

for kcps
double(sum(counts(s:number_acq:end)))
   756

helper
   29.0769

handles.Array_PSeq{helper_scan,1}.Channels(3).RiseDurations(s)
   2.6000e-07

Repetitions
      100000

check .Channels(2).Enable 4
     1

check .Channels(2).Enable 1
     1

handles.Array_PSeq{helper_scan,aux}.Channels(2).Frequency
   3.8249e+09

handles.Array_PSeq{helper_scan,aux}.Channels(2).FreqIQ
    50000000

obj.interfaceSigGen.Frequency(1)
   3.8249e+09

check .Channels(2).Enable 5
check .Channels(2).Enable 5
     1

num_points
        3243

nI and nQ
        3293

        3293

check .Channels(2).Enable 6
     1

send_waveforms_siglent done
check .Channels(2).Enable 7
     1

PB bit 0 (Ch1) rises = 3
PB bit 1 (Ch2) rises = 1
PB bit 2 (Ch3) rises = 2
PB bit 3 (Ch4) rises = 1
PB bit 4 (Ch5) rises = 0
PB bit 5 (Ch6) rises = 0
PB bit 6 (Ch7) rises = 0
PB bit 7 (Ch8) rises = 0
Expected gates = 200000
TSPD_total = 5.200e-07 s
sendSequence done
1rep: SPD rises=2 (number_acq=2)
num (expected samples) = 200000
length(counts)        = 200000
nonzero counts        = 1432
mean(counts)          = 0.00728
PB done
DAQ done
check .Channels(2).Enable 2
     1

for kcps
double(sum(counts(s:number_acq:end)))
   740

helper
   28.4615

handles.Array_PSeq{helper_scan,1}.Channels(3).RiseDurations(s)
   2.6000e-07

Repetitions
      100000

for kcps
double(sum(counts(s:number_acq:end)))
   716

helper
   27.5385

handles.Array_PSeq{helper_scan,1}.Channels(3).RiseDurations(s)
   2.6000e-07

Repetitions
      100000

check .Channels(2).Enable 4
     1

check .Channels(2).Enable 1
     1

handles.Array_PSeq{helper_scan,aux}.Channels(2).Frequency
   3.8246e+09

handles.Array_PSeq{helper_scan,aux}.Channels(2).FreqIQ
    50000000

obj.interfaceSigGen.Frequency(1)
   3.8246e+09

check .Channels(2).Enable 5
check .Channels(2).Enable 5
     1

num_points
        3243

nI and nQ
        3293

        3293

check .Channels(2).Enable 6
     1

send_waveforms_siglent done
check .Channels(2).Enable 7
     1

PB bit 0 (Ch1) rises = 3
PB bit 1 (Ch2) rises = 1
PB bit 2 (Ch3) rises = 2
PB bit 3 (Ch4) rises = 1
PB bit 4 (Ch5) rises = 0
PB bit 5 (Ch6) rises = 0
PB bit 6 (Ch7) rises = 0
PB bit 7 (Ch8) rises = 0
Expected gates = 200000
TSPD_total = 5.200e-07 s
sendSequence done
1rep: SPD rises=2 (number_acq=2)
num (expected samples) = 200000
length(counts)        = 200000
nonzero counts        = 1482
mean(counts)          = 0.0075
PB done
DAQ done
check .Channels(2).Enable 2
     1

for kcps
double(sum(counts(s:number_acq:end)))
   755

helper
   29.0385

handles.Array_PSeq{helper_scan,1}.Channels(3).RiseDurations(s)
   2.6000e-07

Repetitions
      100000

for kcps
double(sum(counts(s:number_acq:end)))
   745

helper
   28.6538

handles.Array_PSeq{helper_scan,1}.Channels(3).RiseDurations(s)
   2.6000e-07

Repetitions
      100000

check .Channels(2).Enable 4
     1

check .Channels(2).Enable 1
     1

handles.Array_PSeq{helper_scan,aux}.Channels(2).Frequency
   3.8244e+09

handles.Array_PSeq{helper_scan,aux}.Channels(2).FreqIQ
    50000000

obj.interfaceSigGen.Frequency(1)
   3.8244e+09

check .Channels(2).Enable 5
check .Channels(2).Enable 5
     1

num_points
        3243

nI and nQ
        3293

        3293

check .Channels(2).Enable 6
     1

send_waveforms_siglent done
check .Channels(2).Enable 7
     1

PB bit 0 (Ch1) rises = 3
PB bit 1 (Ch2) rises = 1
PB bit 2 (Ch3) rises = 2
PB bit 3 (Ch4) rises = 1
PB bit 4 (Ch5) rises = 0
PB bit 5 (Ch6) rises = 0
PB bit 6 (Ch7) rises = 0
PB bit 7 (Ch8) rises = 0
Expected gates = 200000
TSPD_total = 5.200e-07 s
sendSequence done
1rep: SPD rises=2 (number_acq=2)
num (expected samples) = 200000
length(counts)        = 200000
nonzero counts        = 1531
mean(counts)          = 0.00777
PB done
DAQ done
check .Channels(2).Enable 2
     1

for kcps
double(sum(counts(s:number_acq:end)))
   798

helper
   30.6923

handles.Array_PSeq{helper_scan,1}.Channels(3).RiseDurations(s)
   2.6000e-07

Repetitions
      100000

for kcps
double(sum(counts(s:number_acq:end)))
   755

helper
   29.0385

handles.Array_PSeq{helper_scan,1}.Channels(3).RiseDurations(s)
   2.6000e-07

Repetitions
      100000

check .Channels(2).Enable 4
     1

check .Channels(2).Enable 1
     1

handles.Array_PSeq{helper_scan,aux}.Channels(2).Frequency
   3.8241e+09

handles.Array_PSeq{helper_scan,aux}.Channels(2).FreqIQ
    50000000

obj.interfaceSigGen.Frequency(1)
   3.8241e+09

check .Channels(2).Enable 5
check .Channels(2).Enable 5
     1

num_points
        3243

nI and nQ
        3293

        3293

check .Channels(2).Enable 6
     1

send_waveforms_siglent done
check .Channels(2).Enable 7
     1

PB bit 0 (Ch1) rises = 3
PB bit 1 (Ch2) rises = 1
PB bit 2 (Ch3) rises = 2
PB bit 3 (Ch4) rises = 1
PB bit 4 (Ch5) rises = 0
PB bit 5 (Ch6) rises = 0
PB bit 6 (Ch7) rises = 0
PB bit 7 (Ch8) rises = 0
Expected gates = 200000
TSPD_total = 5.200e-07 s
sendSequence done
1rep: SPD rises=2 (number_acq=2)
num (expected samples) = 200000
length(counts)        = 200000
nonzero counts        = 1449
mean(counts)          = 0.00741
PB done
DAQ done
check .Channels(2).Enable 2
     1

for kcps
double(sum(counts(s:number_acq:end)))
   747

helper
   28.7308

handles.Array_PSeq{helper_scan,1}.Channels(3).RiseDurations(s)
   2.6000e-07

Repetitions
      100000

for kcps
double(sum(counts(s:number_acq:end)))
   734

helper
   28.2308

handles.Array_PSeq{helper_scan,1}.Channels(3).RiseDurations(s)
   2.6000e-07

Repetitions
      100000

check .Channels(2).Enable 4
     1

check .Channels(2).Enable 1
     1

handles.Array_PSeq{helper_scan,aux}.Channels(2).Frequency
   3.8239e+09

handles.Array_PSeq{helper_scan,aux}.Channels(2).FreqIQ
    50000000

obj.interfaceSigGen.Frequency(1)
   3.8239e+09

check .Channels(2).Enable 5
check .Channels(2).Enable 5
     1

num_points
        3243

nI and nQ
        3293

        3293

check .Channels(2).Enable 6
     1

send_waveforms_siglent done
check .Channels(2).Enable 7
     1

PB bit 0 (Ch1) rises = 3
PB bit 1 (Ch2) rises = 1
PB bit 2 (Ch3) rises = 2
PB bit 3 (Ch4) rises = 1
PB bit 4 (Ch5) rises = 0
PB bit 5 (Ch6) rises = 0
PB bit 6 (Ch7) rises = 0
PB bit 7 (Ch8) rises = 0
Expected gates = 200000
TSPD_total = 5.200e-07 s
sendSequence done
1rep: SPD rises=2 (number_acq=2)
num (expected samples) = 200000
length(counts)        = 200000
nonzero counts        = 1511
mean(counts)          = 0.00764
PB done
DAQ done
check .Channels(2).Enable 2
     1

for kcps
double(sum(counts(s:number_acq:end)))
   803

helper
   30.8846

handles.Array_PSeq{helper_scan,1}.Channels(3).RiseDurations(s)
   2.6000e-07

Repetitions
      100000

for kcps
double(sum(counts(s:number_acq:end)))
   724

helper
   27.8462

handles.Array_PSeq{helper_scan,1}.Channels(3).RiseDurations(s)
   2.6000e-07

Repetitions
      100000

check .Channels(2).Enable 4
     1

check .Channels(2).Enable 1
     1

handles.Array_PSeq{helper_scan,aux}.Channels(2).Frequency
   3.8236e+09

handles.Array_PSeq{helper_scan,aux}.Channels(2).FreqIQ
    50000000

obj.interfaceSigGen.Frequency(1)
   3.8236e+09

check .Channels(2).Enable 5
check .Channels(2).Enable 5
     1

num_points
        3243

nI and nQ
        3293

        3293

check .Channels(2).Enable 6
     1

send_waveforms_siglent done
check .Channels(2).Enable 7
     1

PB bit 0 (Ch1) rises = 3
PB bit 1 (Ch2) rises = 1
PB bit 2 (Ch3) rises = 2
PB bit 3 (Ch4) rises = 1
PB bit 4 (Ch5) rises = 0
PB bit 5 (Ch6) rises = 0
PB bit 6 (Ch7) rises = 0
PB bit 7 (Ch8) rises = 0
Expected gates = 200000
TSPD_total = 5.200e-07 s
sendSequence done
1rep: SPD rises=2 (number_acq=2)
num (expected samples) = 200000
length(counts)        = 200000
nonzero counts        = 1426
mean(counts)          = 0.00724
PB done
DAQ done
check .Channels(2).Enable 2
     1

for kcps
double(sum(counts(s:number_acq:end)))
   751

helper
   28.8846

handles.Array_PSeq{helper_scan,1}.Channels(3).RiseDurations(s)
   2.6000e-07

Repetitions
      100000

for kcps
double(sum(counts(s:number_acq:end)))
   697

helper
   26.8077

handles.Array_PSeq{helper_scan,1}.Channels(3).RiseDurations(s)
   2.6000e-07

Repetitions
      100000

check .Channels(2).Enable 4
     1

check .Channels(2).Enable 1
     1

handles.Array_PSeq{helper_scan,aux}.Channels(2).Frequency
   3.8234e+09

handles.Array_PSeq{helper_scan,aux}.Channels(2).FreqIQ
    50000000

obj.interfaceSigGen.Frequency(1)
   3.8234e+09

check .Channels(2).Enable 5
check .Channels(2).Enable 5
     1

num_points
        3243

nI and nQ
        3293

        3293

check .Channels(2).Enable 6
     1

send_waveforms_siglent done
check .Channels(2).Enable 7
     1

PB bit 0 (Ch1) rises = 3
PB bit 1 (Ch2) rises = 1
PB bit 2 (Ch3) rises = 2
PB bit 3 (Ch4) rises = 1
PB bit 4 (Ch5) rises = 0
PB bit 5 (Ch6) rises = 0
PB bit 6 (Ch7) rises = 0
PB bit 7 (Ch8) rises = 0
Expected gates = 200000
TSPD_total = 5.200e-07 s
sendSequence done
1rep: SPD rises=2 (number_acq=2)
num (expected samples) = 200000
length(counts)        = 200000
nonzero counts        = 1467
mean(counts)          = 0.00741
PB done
DAQ done
check .Channels(2).Enable 2
     1

for kcps
double(sum(counts(s:number_acq:end)))
   746

helper
   28.6923

handles.Array_PSeq{helper_scan,1}.Channels(3).RiseDurations(s)
   2.6000e-07

Repetitions
      100000

for kcps
double(sum(counts(s:number_acq:end)))
   736

helper
   28.3077

handles.Array_PSeq{helper_scan,1}.Channels(3).RiseDurations(s)
   2.6000e-07

Repetitions
      100000

check .Channels(2).Enable 4
     1

check .Channels(2).Enable 1
     1

handles.Array_PSeq{helper_scan,aux}.Channels(2).Frequency
   3.8231e+09

handles.Array_PSeq{helper_scan,aux}.Channels(2).FreqIQ
    50000000

obj.interfaceSigGen.Frequency(1)
   3.8231e+09

check .Channels(2).Enable 5
check .Channels(2).Enable 5
     1

num_points
        3243

nI and nQ
        3293

        3293

check .Channels(2).Enable 6
     1

send_waveforms_siglent done
check .Channels(2).Enable 7
     1

PB bit 0 (Ch1) rises = 3
PB bit 1 (Ch2) rises = 1
PB bit 2 (Ch3) rises = 2
PB bit 3 (Ch4) rises = 1
PB bit 4 (Ch5) rises = 0
PB bit 5 (Ch6) rises = 0
PB bit 6 (Ch7) rises = 0
PB bit 7 (Ch8) rises = 0
Expected gates = 200000
TSPD_total = 5.200e-07 s
sendSequence done
1rep: SPD rises=2 (number_acq=2)
num (expected samples) = 200000
length(counts)        = 200000
nonzero counts        = 1548
mean(counts)          = 0.00783
PB done
DAQ done
check .Channels(2).Enable 2
     1

for kcps
double(sum(counts(s:number_acq:end)))
   793

helper
   30.5000

handles.Array_PSeq{helper_scan,1}.Channels(3).RiseDurations(s)
   2.6000e-07

Repetitions
      100000

for kcps
double(sum(counts(s:number_acq:end)))
   774

helper
   29.7692

handles.Array_PSeq{helper_scan,1}.Channels(3).RiseDurations(s)
   2.6000e-07

Repetitions
      100000

check .Channels(2).Enable 4
     1

check .Channels(2).Enable 1
     1

handles.Array_PSeq{helper_scan,aux}.Channels(2).Frequency
   3.8229e+09

handles.Array_PSeq{helper_scan,aux}.Channels(2).FreqIQ
    50000000

obj.interfaceSigGen.Frequency(1)
   3.8229e+09

check .Channels(2).Enable 5
check .Channels(2).Enable 5
     1

num_points
        3243

nI and nQ
        3293

        3293

check .Channels(2).Enable 6
     1

send_waveforms_siglent done
check .Channels(2).Enable 7
     1

PB bit 0 (Ch1) rises = 3
PB bit 1 (Ch2) rises = 1
PB bit 2 (Ch3) rises = 2
PB bit 3 (Ch4) rises = 1
PB bit 4 (Ch5) rises = 0
PB bit 5 (Ch6) rises = 0
PB bit 6 (Ch7) rises = 0
PB bit 7 (Ch8) rises = 0
Expected gates = 200000
TSPD_total = 5.200e-07 s
sendSequence done
1rep: SPD rises=2 (number_acq=2)
num (expected samples) = 200000
length(counts)        = 200000
nonzero counts        = 1481
mean(counts)          = 0.0075
PB done
DAQ done
check .Channels(2).Enable 2
     1

for kcps
double(sum(counts(s:number_acq:end)))
   775

helper
   29.8077

handles.Array_PSeq{helper_scan,1}.Channels(3).RiseDurations(s)
   2.6000e-07

Repetitions
      100000

for kcps
double(sum(counts(s:number_acq:end)))
   725

helper
   27.8846

handles.Array_PSeq{helper_scan,1}.Channels(3).RiseDurations(s)
   2.6000e-07

Repetitions
      100000

check .Channels(2).Enable 4
     1

check .Channels(2).Enable 1
     1

handles.Array_PSeq{helper_scan,aux}.Channels(2).Frequency
   3.8226e+09

handles.Array_PSeq{helper_scan,aux}.Channels(2).FreqIQ
    50000000

obj.interfaceSigGen.Frequency(1)
   3.8226e+09

check .Channels(2).Enable 5
check .Channels(2).Enable 5
     1

num_points
        3243

nI and nQ
        3293

        3293

check .Channels(2).Enable 6
     1

send_waveforms_siglent done
check .Channels(2).Enable 7
     1

PB bit 0 (Ch1) rises = 3
PB bit 1 (Ch2) rises = 1
PB bit 2 (Ch3) rises = 2
PB bit 3 (Ch4) rises = 1
PB bit 4 (Ch5) rises = 0
PB bit 5 (Ch6) rises = 0
PB bit 6 (Ch7) rises = 0
PB bit 7 (Ch8) rises = 0
Expected gates = 200000
TSPD_total = 5.200e-07 s
sendSequence done
1rep: SPD rises=2 (number_acq=2)
num (expected samples) = 200000
length(counts)        = 200000
nonzero counts        = 1572
mean(counts)          = 0.00792
PB done
DAQ done
check .Channels(2).Enable 2
     1

for kcps
double(sum(counts(s:number_acq:end)))
   796

helper
   30.6154

handles.Array_PSeq{helper_scan,1}.Channels(3).RiseDurations(s)
   2.6000e-07

Repetitions
      100000

for kcps
double(sum(counts(s:number_acq:end)))
   788

helper
   30.3077

handles.Array_PSeq{helper_scan,1}.Channels(3).RiseDurations(s)
   2.6000e-07

Repetitions
      100000

check .Channels(2).Enable 4
     1

check .Channels(2).Enable 1
     1

handles.Array_PSeq{helper_scan,aux}.Channels(2).Frequency
   3.8224e+09

handles.Array_PSeq{helper_scan,aux}.Channels(2).FreqIQ
    50000000

obj.interfaceSigGen.Frequency(1)
   3.8224e+09

check .Channels(2).Enable 5
check .Channels(2).Enable 5
     1

num_points
        3243

nI and nQ
        3293

        3293

check .Channels(2).Enable 6
     1

send_waveforms_siglent done
check .Channels(2).Enable 7
     1

PB bit 0 (Ch1) rises = 3
PB bit 1 (Ch2) rises = 1
PB bit 2 (Ch3) rises = 2
PB bit 3 (Ch4) rises = 1
PB bit 4 (Ch5) rises = 0
PB bit 5 (Ch6) rises = 0
PB bit 6 (Ch7) rises = 0
PB bit 7 (Ch8) rises = 0
Expected gates = 200000
TSPD_total = 5.200e-07 s
sendSequence done
1rep: SPD rises=2 (number_acq=2)
num (expected samples) = 200000
length(counts)        = 200000
nonzero counts        = 1498
mean(counts)          = 0.0076
PB done
DAQ done
check .Channels(2).Enable 2
     1

for kcps
double(sum(counts(s:number_acq:end)))
   765

helper
   29.4231

handles.Array_PSeq{helper_scan,1}.Channels(3).RiseDurations(s)
   2.6000e-07

Repetitions
      100000

for kcps
double(sum(counts(s:number_acq:end)))
   754

helper
    29

handles.Array_PSeq{helper_scan,1}.Channels(3).RiseDurations(s)
   2.6000e-07

Repetitions
      100000

check .Channels(2).Enable 4
     1

Elapsed time is 1066.796869 seconds.
check .Channels(2).Enable 3
     1

NVBridge MATLAB command-window log stopping: C:\Users\<LAB_DOCUMENTS>\MATLAB\nv_bridge\running\nv23_image231924_c01_narrow_weak_podmr_after_ramsey_20260512_025209_image231924_c01_narrow_weak_podmr_after_ramsey_20260512_0250_execute\matlab_command_window.log
