NVBridge MATLAB command-window log started: C:\Users\<LAB_DOCUMENTS>\MATLAB\nv_bridge\running\nv23_pulsed_odmr_rabimodulated_v1_20260514_191847_reimage1804_c02_strong_podmr\matlab_command_window.log
The total waveform points across the scan is 96503. Peak Siglent waveform uses 0.015565 percent of memory. Estimated time (siglent model) is 1978.0094(s)
Elapsed time for loading sequence: 0.00035394s
check .Channels(2).Enable 1
     1

handles.Array_PSeq{helper_scan,aux}.Channels(2).Frequency
   3.7750e+09

handles.Array_PSeq{helper_scan,aux}.Channels(2).FreqIQ
    50000000

obj.interfaceSigGen.Frequency(1)
   3.7750e+09

check .Channels(2).Enable 5
check .Channels(2).Enable 5
     1

num_points
        3113

nI and nQ
        3163

        3163

check .Channels(2).Enable 6
     1

send_waveforms_siglent done
check .Channels(2).Enable 7
     1

PB bit 0 (Ch1) rises = 3
PB bit 1 (Ch2) rises = 1
PB bit 2 (Ch3) rises = 2
PB bit 3 (Ch4) rises = 1
PB bit 4 (Ch5) rises = 0
PB bit 5 (Ch6) rises = 0
PB bit 6 (Ch7) rises = 0
PB bit 7 (Ch8) rises = 0
Expected gates = 100000
TSPD_total = 5.200e-07 s
sendSequence done
1rep: SPD rises=2 (number_acq=2)
num (expected samples) = 100000
length(counts)        = 100000
nonzero counts        = 1234
mean(counts)          = 0.0125
PB done
DAQ done
check .Channels(2).Enable 2
     1

for kcps
double(sum(counts(s:number_acq:end)))
   615

helper
   47.3077

handles.Array_PSeq{helper_scan,1}.Channels(3).RiseDurations(s)
   2.6000e-07

Repetitions
       50000

for kcps
double(sum(counts(s:number_acq:end)))
   632

helper
   48.6154

handles.Array_PSeq{helper_scan,1}.Channels(3).RiseDurations(s)
   2.6000e-07

Repetitions
       50000

check .Channels(2).Enable 4
     1

check .Channels(2).Enable 1
     1

handles.Array_PSeq{helper_scan,aux}.Channels(2).Frequency
   3.7783e+09

handles.Array_PSeq{helper_scan,aux}.Channels(2).FreqIQ
    50000000

obj.interfaceSigGen.Frequency(1)
   3.7783e+09

check .Channels(2).Enable 5
check .Channels(2).Enable 5
     1

num_points
        3113

nI and nQ
        3163

        3163

check .Channels(2).Enable 6
     1

send_waveforms_siglent done
check .Channels(2).Enable 7
     1

PB bit 0 (Ch1) rises = 3
PB bit 1 (Ch2) rises = 1
PB bit 2 (Ch3) rises = 2
PB bit 3 (Ch4) rises = 1
PB bit 4 (Ch5) rises = 0
PB bit 5 (Ch6) rises = 0
PB bit 6 (Ch7) rises = 0
PB bit 7 (Ch8) rises = 0
Expected gates = 100000
TSPD_total = 5.200e-07 s
sendSequence done
1rep: SPD rises=2 (number_acq=2)
num (expected samples) = 100000
length(counts)        = 100000
nonzero counts        = 1193
mean(counts)          = 0.0121
PB done
DAQ done
check .Channels(2).Enable 2
     1

for kcps
double(sum(counts(s:number_acq:end)))
   626

helper
   48.1538

handles.Array_PSeq{helper_scan,1}.Channels(3).RiseDurations(s)
   2.6000e-07

Repetitions
       50000

for kcps
double(sum(counts(s:number_acq:end)))
   588

helper
   45.2308

handles.Array_PSeq{helper_scan,1}.Channels(3).RiseDurations(s)
   2.6000e-07

Repetitions
       50000

check .Channels(2).Enable 4
     1

check .Channels(2).Enable 1
     1

handles.Array_PSeq{helper_scan,aux}.Channels(2).Frequency
   3.7817e+09

handles.Array_PSeq{helper_scan,aux}.Channels(2).FreqIQ
    50000000

obj.interfaceSigGen.Frequency(1)
   3.7817e+09

check .Channels(2).Enable 5
check .Channels(2).Enable 5
     1

num_points
        3113

nI and nQ
        3163

        3163

check .Channels(2).Enable 6
     1

send_waveforms_siglent done
check .Channels(2).Enable 7
     1

PB bit 0 (Ch1) rises = 3
PB bit 1 (Ch2) rises = 1
PB bit 2 (Ch3) rises = 2
PB bit 3 (Ch4) rises = 1
PB bit 4 (Ch5) rises = 0
PB bit 5 (Ch6) rises = 0
PB bit 6 (Ch7) rises = 0
PB bit 7 (Ch8) rises = 0
Expected gates = 100000
TSPD_total = 5.200e-07 s
sendSequence done
1rep: SPD rises=2 (number_acq=2)
num (expected samples) = 100000
length(counts)        = 100000
nonzero counts        = 1172
mean(counts)          = 0.0119
PB done
DAQ done
check .Channels(2).Enable 2
     1

for kcps
double(sum(counts(s:number_acq:end)))
   600

helper
   46.1538

handles.Array_PSeq{helper_scan,1}.Channels(3).RiseDurations(s)
   2.6000e-07

Repetitions
       50000

for kcps
double(sum(counts(s:number_acq:end)))
   590

helper
   45.3846

handles.Array_PSeq{helper_scan,1}.Channels(3).RiseDurations(s)
   2.6000e-07

Repetitions
       50000

check .Channels(2).Enable 4
     1

check .Channels(2).Enable 1
     1

handles.Array_PSeq{helper_scan,aux}.Channels(2).Frequency
   3.7850e+09

handles.Array_PSeq{helper_scan,aux}.Channels(2).FreqIQ
    50000000

obj.interfaceSigGen.Frequency(1)
   3.7850e+09

check .Channels(2).Enable 5
check .Channels(2).Enable 5
     1

num_points
        3113

nI and nQ
        3163

        3163

check .Channels(2).Enable 6
     1

send_waveforms_siglent done
check .Channels(2).Enable 7
     1

PB bit 0 (Ch1) rises = 3
PB bit 1 (Ch2) rises = 1
PB bit 2 (Ch3) rises = 2
PB bit 3 (Ch4) rises = 1
PB bit 4 (Ch5) rises = 0
PB bit 5 (Ch6) rises = 0
PB bit 6 (Ch7) rises = 0
PB bit 7 (Ch8) rises = 0
Expected gates = 100000
TSPD_total = 5.200e-07 s
sendSequence done
1rep: SPD rises=2 (number_acq=2)
num (expected samples) = 100000
length(counts)        = 100000
nonzero counts        = 1213
mean(counts)          = 0.0123
PB done
DAQ done
check .Channels(2).Enable 2
     1

for kcps
double(sum(counts(s:number_acq:end)))
   651

helper
   50.0769

handles.Array_PSeq{helper_scan,1}.Channels(3).RiseDurations(s)
   2.6000e-07

Repetitions
       50000

for kcps
double(sum(counts(s:number_acq:end)))
   579

helper
   44.5385

handles.Array_PSeq{helper_scan,1}.Channels(3).RiseDurations(s)
   2.6000e-07

Repetitions
       50000

check .Channels(2).Enable 4
     1

check .Channels(2).Enable 1
     1

handles.Array_PSeq{helper_scan,aux}.Channels(2).Frequency
   3.7883e+09

handles.Array_PSeq{helper_scan,aux}.Channels(2).FreqIQ
    50000000

obj.interfaceSigGen.Frequency(1)
   3.7883e+09

check .Channels(2).Enable 5
check .Channels(2).Enable 5
     1

num_points
        3113

nI and nQ
        3163

        3163

check .Channels(2).Enable 6
     1

send_waveforms_siglent done
check .Channels(2).Enable 7
     1

PB bit 0 (Ch1) rises = 3
PB bit 1 (Ch2) rises = 1
PB bit 2 (Ch3) rises = 2
PB bit 3 (Ch4) rises = 1
PB bit 4 (Ch5) rises = 0
PB bit 5 (Ch6) rises = 0
PB bit 6 (Ch7) rises = 0
PB bit 7 (Ch8) rises = 0
Expected gates = 100000
TSPD_total = 5.200e-07 s
sendSequence done
1rep: SPD rises=2 (number_acq=2)
num (expected samples) = 100000
length(counts)        = 100000
nonzero counts        = 1210
mean(counts)          = 0.0123
PB done
DAQ done
check .Channels(2).Enable 2
     1

for kcps
double(sum(counts(s:number_acq:end)))
   597

helper
   45.9231

handles.Array_PSeq{helper_scan,1}.Channels(3).RiseDurations(s)
   2.6000e-07

Repetitions
       50000

for kcps
double(sum(counts(s:number_acq:end)))
   630

helper
   48.4615

handles.Array_PSeq{helper_scan,1}.Channels(3).RiseDurations(s)
   2.6000e-07

Repetitions
       50000

check .Channels(2).Enable 4
     1

check .Channels(2).Enable 1
     1

handles.Array_PSeq{helper_scan,aux}.Channels(2).Frequency
   3.7917e+09

handles.Array_PSeq{helper_scan,aux}.Channels(2).FreqIQ
    50000000

obj.interfaceSigGen.Frequency(1)
   3.7917e+09

check .Channels(2).Enable 5
check .Channels(2).Enable 5
     1

num_points
        3113

nI and nQ
        3163

        3163

check .Channels(2).Enable 6
     1

send_waveforms_siglent done
check .Channels(2).Enable 7
     1

PB bit 0 (Ch1) rises = 3
PB bit 1 (Ch2) rises = 1
PB bit 2 (Ch3) rises = 2
PB bit 3 (Ch4) rises = 1
PB bit 4 (Ch5) rises = 0
PB bit 5 (Ch6) rises = 0
PB bit 6 (Ch7) rises = 0
PB bit 7 (Ch8) rises = 0
Expected gates = 100000
TSPD_total = 5.200e-07 s
sendSequence done
1rep: SPD rises=2 (number_acq=2)
num (expected samples) = 100000
length(counts)        = 100000
nonzero counts        = 1301
mean(counts)          = 0.0132
PB done
DAQ done
check .Channels(2).Enable 2
     1

for kcps
double(sum(counts(s:number_acq:end)))
   678

helper
   52.1538

handles.Array_PSeq{helper_scan,1}.Channels(3).RiseDurations(s)
   2.6000e-07

Repetitions
       50000

for kcps
double(sum(counts(s:number_acq:end)))
   640

helper
   49.2308

handles.Array_PSeq{helper_scan,1}.Channels(3).RiseDurations(s)
   2.6000e-07

Repetitions
       50000

check .Channels(2).Enable 4
     1

check .Channels(2).Enable 1
     1

handles.Array_PSeq{helper_scan,aux}.Channels(2).Frequency
   3.7950e+09

handles.Array_PSeq{helper_scan,aux}.Channels(2).FreqIQ
    50000000

obj.interfaceSigGen.Frequency(1)
   3.7950e+09

check .Channels(2).Enable 5
check .Channels(2).Enable 5
     1

num_points
        3113

nI and nQ
        3163

        3163

check .Channels(2).Enable 6
     1

send_waveforms_siglent done
check .Channels(2).Enable 7
     1

PB bit 0 (Ch1) rises = 3
PB bit 1 (Ch2) rises = 1
PB bit 2 (Ch3) rises = 2
PB bit 3 (Ch4) rises = 1
PB bit 4 (Ch5) rises = 0
PB bit 5 (Ch6) rises = 0
PB bit 6 (Ch7) rises = 0
PB bit 7 (Ch8) rises = 0
Expected gates = 100000
TSPD_total = 5.200e-07 s
sendSequence done
1rep: SPD rises=2 (number_acq=2)
num (expected samples) = 100000
length(counts)        = 100000
nonzero counts        = 1283
mean(counts)          = 0.0131
PB done
DAQ done
check .Channels(2).Enable 2
     1

for kcps
double(sum(counts(s:number_acq:end)))
   649

helper
   49.9231

handles.Array_PSeq{helper_scan,1}.Channels(3).RiseDurations(s)
   2.6000e-07

Repetitions
       50000

for kcps
double(sum(counts(s:number_acq:end)))
   657

helper
   50.5385

handles.Array_PSeq{helper_scan,1}.Channels(3).RiseDurations(s)
   2.6000e-07

Repetitions
       50000

check .Channels(2).Enable 4
     1

check .Channels(2).Enable 1
     1

handles.Array_PSeq{helper_scan,aux}.Channels(2).Frequency
   3.7983e+09

handles.Array_PSeq{helper_scan,aux}.Channels(2).FreqIQ
    50000000

obj.interfaceSigGen.Frequency(1)
   3.7983e+09

check .Channels(2).Enable 5
check .Channels(2).Enable 5
     1

num_points
        3113

nI and nQ
        3163

        3163

check .Channels(2).Enable 6
     1

send_waveforms_siglent done
check .Channels(2).Enable 7
     1

PB bit 0 (Ch1) rises = 3
PB bit 1 (Ch2) rises = 1
PB bit 2 (Ch3) rises = 2
PB bit 3 (Ch4) rises = 1
PB bit 4 (Ch5) rises = 0
PB bit 5 (Ch6) rises = 0
PB bit 6 (Ch7) rises = 0
PB bit 7 (Ch8) rises = 0
Expected gates = 100000
TSPD_total = 5.200e-07 s
sendSequence done
1rep: SPD rises=2 (number_acq=2)
num (expected samples) = 100000
length(counts)        = 100000
nonzero counts        = 1284
mean(counts)          = 0.013
PB done
DAQ done
check .Channels(2).Enable 2
     1

for kcps
double(sum(counts(s:number_acq:end)))
   672

helper
   51.6923

handles.Array_PSeq{helper_scan,1}.Channels(3).RiseDurations(s)
   2.6000e-07

Repetitions
       50000

for kcps
double(sum(counts(s:number_acq:end)))
   626

helper
   48.1538

handles.Array_PSeq{helper_scan,1}.Channels(3).RiseDurations(s)
   2.6000e-07

Repetitions
       50000

check .Channels(2).Enable 4
     1

check .Channels(2).Enable 1
     1

handles.Array_PSeq{helper_scan,aux}.Channels(2).Frequency
   3.8017e+09

handles.Array_PSeq{helper_scan,aux}.Channels(2).FreqIQ
    50000000

obj.interfaceSigGen.Frequency(1)
   3.8017e+09

check .Channels(2).Enable 5
check .Channels(2).Enable 5
     1

num_points
        3113

nI and nQ
        3163

        3163

check .Channels(2).Enable 6
     1

send_waveforms_siglent done
check .Channels(2).Enable 7
     1

PB bit 0 (Ch1) rises = 3
PB bit 1 (Ch2) rises = 1
PB bit 2 (Ch3) rises = 2
PB bit 3 (Ch4) rises = 1
PB bit 4 (Ch5) rises = 0
PB bit 5 (Ch6) rises = 0
PB bit 6 (Ch7) rises = 0
PB bit 7 (Ch8) rises = 0
Expected gates = 100000
TSPD_total = 5.200e-07 s
sendSequence done
1rep: SPD rises=2 (number_acq=2)
num (expected samples) = 100000
length(counts)        = 100000
nonzero counts        = 1320
mean(counts)          = 0.0134
PB done
DAQ done
check .Channels(2).Enable 2
     1

for kcps
double(sum(counts(s:number_acq:end)))
   702

helper
    54

handles.Array_PSeq{helper_scan,1}.Channels(3).RiseDurations(s)
   2.6000e-07

Repetitions
       50000

for kcps
double(sum(counts(s:number_acq:end)))
   642

helper
   49.3846

handles.Array_PSeq{helper_scan,1}.Channels(3).RiseDurations(s)
   2.6000e-07

Repetitions
       50000

check .Channels(2).Enable 4
     1

check .Channels(2).Enable 1
     1

handles.Array_PSeq{helper_scan,aux}.Channels(2).Frequency
   3.8050e+09

handles.Array_PSeq{helper_scan,aux}.Channels(2).FreqIQ
    50000000

obj.interfaceSigGen.Frequency(1)
   3.8050e+09

check .Channels(2).Enable 5
check .Channels(2).Enable 5
     1

num_points
        3113

nI and nQ
        3163

        3163

check .Channels(2).Enable 6
     1

send_waveforms_siglent done
check .Channels(2).Enable 7
     1

PB bit 0 (Ch1) rises = 3
PB bit 1 (Ch2) rises = 1
PB bit 2 (Ch3) rises = 2
PB bit 3 (Ch4) rises = 1
PB bit 4 (Ch5) rises = 0
PB bit 5 (Ch6) rises = 0
PB bit 6 (Ch7) rises = 0
PB bit 7 (Ch8) rises = 0
Expected gates = 100000
TSPD_total = 5.200e-07 s
sendSequence done
1rep: SPD rises=2 (number_acq=2)
num (expected samples) = 100000
length(counts)        = 100000
nonzero counts        = 1366
mean(counts)          = 0.0139
PB done
DAQ done
check .Channels(2).Enable 2
     1

for kcps
double(sum(counts(s:number_acq:end)))
   720

helper
   55.3846

handles.Array_PSeq{helper_scan,1}.Channels(3).RiseDurations(s)
   2.6000e-07

Repetitions
       50000

for kcps
double(sum(counts(s:number_acq:end)))
   668

helper
   51.3846

handles.Array_PSeq{helper_scan,1}.Channels(3).RiseDurations(s)
   2.6000e-07

Repetitions
       50000

check .Channels(2).Enable 4
     1

check .Channels(2).Enable 1
     1

handles.Array_PSeq{helper_scan,aux}.Channels(2).Frequency
   3.8083e+09

handles.Array_PSeq{helper_scan,aux}.Channels(2).FreqIQ
    50000000

obj.interfaceSigGen.Frequency(1)
   3.8083e+09

check .Channels(2).Enable 5
check .Channels(2).Enable 5
     1

num_points
        3113

nI and nQ
        3163

        3163

check .Channels(2).Enable 6
     1

send_waveforms_siglent done
check .Channels(2).Enable 7
     1

PB bit 0 (Ch1) rises = 3
PB bit 1 (Ch2) rises = 1
PB bit 2 (Ch3) rises = 2
PB bit 3 (Ch4) rises = 1
PB bit 4 (Ch5) rises = 0
PB bit 5 (Ch6) rises = 0
PB bit 6 (Ch7) rises = 0
PB bit 7 (Ch8) rises = 0
Expected gates = 100000
TSPD_total = 5.200e-07 s
sendSequence done
1rep: SPD rises=2 (number_acq=2)
num (expected samples) = 100000
length(counts)        = 100000
nonzero counts        = 1299
mean(counts)          = 0.0132
PB done
DAQ done
check .Channels(2).Enable 2
     1

for kcps
double(sum(counts(s:number_acq:end)))
   634

helper
   48.7692

handles.Array_PSeq{helper_scan,1}.Channels(3).RiseDurations(s)
   2.6000e-07

Repetitions
       50000

for kcps
double(sum(counts(s:number_acq:end)))
   683

helper
   52.5385

handles.Array_PSeq{helper_scan,1}.Channels(3).RiseDurations(s)
   2.6000e-07

Repetitions
       50000

check .Channels(2).Enable 4
     1

check .Channels(2).Enable 1
     1

handles.Array_PSeq{helper_scan,aux}.Channels(2).Frequency
   3.8117e+09

handles.Array_PSeq{helper_scan,aux}.Channels(2).FreqIQ
    50000000

obj.interfaceSigGen.Frequency(1)
   3.8117e+09

check .Channels(2).Enable 5
check .Channels(2).Enable 5
     1

num_points
        3113

nI and nQ
        3163

        3163

check .Channels(2).Enable 6
     1

send_waveforms_siglent done
check .Channels(2).Enable 7
     1

PB bit 0 (Ch1) rises = 3
PB bit 1 (Ch2) rises = 1
PB bit 2 (Ch3) rises = 2
PB bit 3 (Ch4) rises = 1
PB bit 4 (Ch5) rises = 0
PB bit 5 (Ch6) rises = 0
PB bit 6 (Ch7) rises = 0
PB bit 7 (Ch8) rises = 0
Expected gates = 100000
TSPD_total = 5.200e-07 s
sendSequence done
1rep: SPD rises=2 (number_acq=2)
num (expected samples) = 100000
length(counts)        = 100000
nonzero counts        = 1260
mean(counts)          = 0.0128
PB done
DAQ done
check .Channels(2).Enable 2
     1

for kcps
double(sum(counts(s:number_acq:end)))
   632

helper
   48.6154

handles.Array_PSeq{helper_scan,1}.Channels(3).RiseDurations(s)
   2.6000e-07

Repetitions
       50000

for kcps
double(sum(counts(s:number_acq:end)))
   649

helper
   49.9231

handles.Array_PSeq{helper_scan,1}.Channels(3).RiseDurations(s)
   2.6000e-07

Repetitions
       50000

check .Channels(2).Enable 4
     1

check .Channels(2).Enable 1
     1

handles.Array_PSeq{helper_scan,aux}.Channels(2).Frequency
   3.8150e+09

handles.Array_PSeq{helper_scan,aux}.Channels(2).FreqIQ
    50000000

obj.interfaceSigGen.Frequency(1)
   3.8150e+09

check .Channels(2).Enable 5
check .Channels(2).Enable 5
     1

num_points
        3113

nI and nQ
        3163

        3163

check .Channels(2).Enable 6
     1

send_waveforms_siglent done
check .Channels(2).Enable 7
     1

PB bit 0 (Ch1) rises = 3
PB bit 1 (Ch2) rises = 1
PB bit 2 (Ch3) rises = 2
PB bit 3 (Ch4) rises = 1
PB bit 4 (Ch5) rises = 0
PB bit 5 (Ch6) rises = 0
PB bit 6 (Ch7) rises = 0
PB bit 7 (Ch8) rises = 0
Expected gates = 100000
TSPD_total = 5.200e-07 s
sendSequence done
1rep: SPD rises=2 (number_acq=2)
num (expected samples) = 100000
length(counts)        = 100000
nonzero counts        = 1294
mean(counts)          = 0.0132
PB done
DAQ done
check .Channels(2).Enable 2
     1

for kcps
double(sum(counts(s:number_acq:end)))
   661

helper
   50.8462

handles.Array_PSeq{helper_scan,1}.Channels(3).RiseDurations(s)
   2.6000e-07

Repetitions
       50000

for kcps
double(sum(counts(s:number_acq:end)))
   656

helper
   50.4615

handles.Array_PSeq{helper_scan,1}.Channels(3).RiseDurations(s)
   2.6000e-07

Repetitions
       50000

check .Channels(2).Enable 4
     1

check .Channels(2).Enable 1
     1

handles.Array_PSeq{helper_scan,aux}.Channels(2).Frequency
   3.8183e+09

handles.Array_PSeq{helper_scan,aux}.Channels(2).FreqIQ
    50000000

obj.interfaceSigGen.Frequency(1)
   3.8183e+09

check .Channels(2).Enable 5
check .Channels(2).Enable 5
     1

num_points
        3113

nI and nQ
        3163

        3163

check .Channels(2).Enable 6
     1

send_waveforms_siglent done
check .Channels(2).Enable 7
     1

PB bit 0 (Ch1) rises = 3
PB bit 1 (Ch2) rises = 1
PB bit 2 (Ch3) rises = 2
PB bit 3 (Ch4) rises = 1
PB bit 4 (Ch5) rises = 0
PB bit 5 (Ch6) rises = 0
PB bit 6 (Ch7) rises = 0
PB bit 7 (Ch8) rises = 0
Expected gates = 100000
TSPD_total = 5.200e-07 s
sendSequence done
1rep: SPD rises=2 (number_acq=2)
num (expected samples) = 100000
length(counts)        = 100000
nonzero counts        = 1223
mean(counts)          = 0.0124
PB done
DAQ done
check .Channels(2).Enable 2
     1

for kcps
double(sum(counts(s:number_acq:end)))
   622

helper
   47.8462

handles.Array_PSeq{helper_scan,1}.Channels(3).RiseDurations(s)
   2.6000e-07

Repetitions
       50000

for kcps
double(sum(counts(s:number_acq:end)))
   616

helper
   47.3846

handles.Array_PSeq{helper_scan,1}.Channels(3).RiseDurations(s)
   2.6000e-07

Repetitions
       50000

check .Channels(2).Enable 4
     1

check .Channels(2).Enable 1
     1

handles.Array_PSeq{helper_scan,aux}.Channels(2).Frequency
   3.8217e+09

handles.Array_PSeq{helper_scan,aux}.Channels(2).FreqIQ
    50000000

obj.interfaceSigGen.Frequency(1)
   3.8217e+09

check .Channels(2).Enable 5
check .Channels(2).Enable 5
     1

num_points
        3113

nI and nQ
        3163

        3163

check .Channels(2).Enable 6
     1

send_waveforms_siglent done
check .Channels(2).Enable 7
     1

PB bit 0 (Ch1) rises = 3
PB bit 1 (Ch2) rises = 1
PB bit 2 (Ch3) rises = 2
PB bit 3 (Ch4) rises = 1
PB bit 4 (Ch5) rises = 0
PB bit 5 (Ch6) rises = 0
PB bit 6 (Ch7) rises = 0
PB bit 7 (Ch8) rises = 0
Expected gates = 100000
TSPD_total = 5.200e-07 s
sendSequence done
1rep: SPD rises=2 (number_acq=2)
num (expected samples) = 100000
length(counts)        = 100000
nonzero counts        = 1129
mean(counts)          = 0.0115
PB done
DAQ done
check .Channels(2).Enable 2
     1

for kcps
double(sum(counts(s:number_acq:end)))
   617

helper
   47.4615

handles.Array_PSeq{helper_scan,1}.Channels(3).RiseDurations(s)
   2.6000e-07

Repetitions
       50000

for kcps
double(sum(counts(s:number_acq:end)))
   534

helper
   41.0769

handles.Array_PSeq{helper_scan,1}.Channels(3).RiseDurations(s)
   2.6000e-07

Repetitions
       50000

check .Channels(2).Enable 4
     1

check .Channels(2).Enable 1
     1

handles.Array_PSeq{helper_scan,aux}.Channels(2).Frequency
   3.8250e+09

handles.Array_PSeq{helper_scan,aux}.Channels(2).FreqIQ
    50000000

obj.interfaceSigGen.Frequency(1)
   3.8250e+09

check .Channels(2).Enable 5
check .Channels(2).Enable 5
     1

num_points
        3113

nI and nQ
        3163

        3163

check .Channels(2).Enable 6
     1

send_waveforms_siglent done
check .Channels(2).Enable 7
     1

PB bit 0 (Ch1) rises = 3
PB bit 1 (Ch2) rises = 1
PB bit 2 (Ch3) rises = 2
PB bit 3 (Ch4) rises = 1
PB bit 4 (Ch5) rises = 0
PB bit 5 (Ch6) rises = 0
PB bit 6 (Ch7) rises = 0
PB bit 7 (Ch8) rises = 0
Expected gates = 100000
TSPD_total = 5.200e-07 s
sendSequence done
1rep: SPD rises=2 (number_acq=2)
num (expected samples) = 100000
length(counts)        = 100000
nonzero counts        = 1130
mean(counts)          = 0.0115
PB done
DAQ done
check .Channels(2).Enable 2
     1

for kcps
double(sum(counts(s:number_acq:end)))
   657

helper
   50.5385

handles.Array_PSeq{helper_scan,1}.Channels(3).RiseDurations(s)
   2.6000e-07

Repetitions
       50000

for kcps
double(sum(counts(s:number_acq:end)))
   493

helper
   37.9231

handles.Array_PSeq{helper_scan,1}.Channels(3).RiseDurations(s)
   2.6000e-07

Repetitions
       50000

check .Channels(2).Enable 4
     1

check .Channels(2).Enable 1
     1

handles.Array_PSeq{helper_scan,aux}.Channels(2).Frequency
   3.8283e+09

handles.Array_PSeq{helper_scan,aux}.Channels(2).FreqIQ
    50000000

obj.interfaceSigGen.Frequency(1)
   3.8283e+09

check .Channels(2).Enable 5
check .Channels(2).Enable 5
     1

num_points
        3113

nI and nQ
        3163

        3163

check .Channels(2).Enable 6
     1

send_waveforms_siglent done
check .Channels(2).Enable 7
     1

PB bit 0 (Ch1) rises = 3
PB bit 1 (Ch2) rises = 1
PB bit 2 (Ch3) rises = 2
PB bit 3 (Ch4) rises = 1
PB bit 4 (Ch5) rises = 0
PB bit 5 (Ch6) rises = 0
PB bit 6 (Ch7) rises = 0
PB bit 7 (Ch8) rises = 0
Expected gates = 100000
TSPD_total = 5.200e-07 s
sendSequence done
1rep: SPD rises=2 (number_acq=2)
num (expected samples) = 100000
length(counts)        = 100000
nonzero counts        = 1174
mean(counts)          = 0.012
PB done
DAQ done
check .Channels(2).Enable 2
     1

for kcps
double(sum(counts(s:number_acq:end)))
   651

helper
   50.0769

handles.Array_PSeq{helper_scan,1}.Channels(3).RiseDurations(s)
   2.6000e-07

Repetitions
       50000

for kcps
double(sum(counts(s:number_acq:end)))
   545

helper
   41.9231

handles.Array_PSeq{helper_scan,1}.Channels(3).RiseDurations(s)
   2.6000e-07

Repetitions
       50000

check .Channels(2).Enable 4
     1

check .Channels(2).Enable 1
     1

handles.Array_PSeq{helper_scan,aux}.Channels(2).Frequency
   3.8317e+09

handles.Array_PSeq{helper_scan,aux}.Channels(2).FreqIQ
    50000000

obj.interfaceSigGen.Frequency(1)
   3.8317e+09

check .Channels(2).Enable 5
check .Channels(2).Enable 5
     1

num_points
        3113

nI and nQ
        3163

        3163

check .Channels(2).Enable 6
     1

send_waveforms_siglent done
check .Channels(2).Enable 7
     1

PB bit 0 (Ch1) rises = 3
PB bit 1 (Ch2) rises = 1
PB bit 2 (Ch3) rises = 2
PB bit 3 (Ch4) rises = 1
PB bit 4 (Ch5) rises = 0
PB bit 5 (Ch6) rises = 0
PB bit 6 (Ch7) rises = 0
PB bit 7 (Ch8) rises = 0
Expected gates = 100000
TSPD_total = 5.200e-07 s
sendSequence done
1rep: SPD rises=2 (number_acq=2)
num (expected samples) = 100000
length(counts)        = 100000
nonzero counts        = 1211
mean(counts)          = 0.0123
PB done
DAQ done
check .Channels(2).Enable 2
     1

for kcps
double(sum(counts(s:number_acq:end)))
   640

helper
   49.2308

handles.Array_PSeq{helper_scan,1}.Channels(3).RiseDurations(s)
   2.6000e-07

Repetitions
       50000

for kcps
double(sum(counts(s:number_acq:end)))
   589

helper
   45.3077

handles.Array_PSeq{helper_scan,1}.Channels(3).RiseDurations(s)
   2.6000e-07

Repetitions
       50000

check .Channels(2).Enable 4
     1

check .Channels(2).Enable 1
     1

handles.Array_PSeq{helper_scan,aux}.Channels(2).Frequency
   3.8350e+09

handles.Array_PSeq{helper_scan,aux}.Channels(2).FreqIQ
    50000000

obj.interfaceSigGen.Frequency(1)
   3.8350e+09

check .Channels(2).Enable 5
check .Channels(2).Enable 5
     1

num_points
        3113

nI and nQ
        3163

        3163

check .Channels(2).Enable 6
     1

send_waveforms_siglent done
check .Channels(2).Enable 7
     1

PB bit 0 (Ch1) rises = 3
PB bit 1 (Ch2) rises = 1
PB bit 2 (Ch3) rises = 2
PB bit 3 (Ch4) rises = 1
PB bit 4 (Ch5) rises = 0
PB bit 5 (Ch6) rises = 0
PB bit 6 (Ch7) rises = 0
PB bit 7 (Ch8) rises = 0
Expected gates = 100000
TSPD_total = 5.200e-07 s
sendSequence done
1rep: SPD rises=2 (number_acq=2)
num (expected samples) = 100000
length(counts)        = 100000
nonzero counts        = 1210
mean(counts)          = 0.0123
PB done
DAQ done
check .Channels(2).Enable 2
     1

for kcps
double(sum(counts(s:number_acq:end)))
   628

helper
   48.3077

handles.Array_PSeq{helper_scan,1}.Channels(3).RiseDurations(s)
   2.6000e-07

Repetitions
       50000

for kcps
double(sum(counts(s:number_acq:end)))
   604

helper
   46.4615

handles.Array_PSeq{helper_scan,1}.Channels(3).RiseDurations(s)
   2.6000e-07

Repetitions
       50000

check .Channels(2).Enable 4
     1

check .Channels(2).Enable 1
     1

handles.Array_PSeq{helper_scan,aux}.Channels(2).Frequency
   3.8383e+09

handles.Array_PSeq{helper_scan,aux}.Channels(2).FreqIQ
    50000000

obj.interfaceSigGen.Frequency(1)
   3.8383e+09

check .Channels(2).Enable 5
check .Channels(2).Enable 5
     1

num_points
        3113

nI and nQ
        3163

        3163

check .Channels(2).Enable 6
     1

send_waveforms_siglent done
check .Channels(2).Enable 7
     1

PB bit 0 (Ch1) rises = 3
PB bit 1 (Ch2) rises = 1
PB bit 2 (Ch3) rises = 2
PB bit 3 (Ch4) rises = 1
PB bit 4 (Ch5) rises = 0
PB bit 5 (Ch6) rises = 0
PB bit 6 (Ch7) rises = 0
PB bit 7 (Ch8) rises = 0
Expected gates = 100000
TSPD_total = 5.200e-07 s
sendSequence done
1rep: SPD rises=2 (number_acq=2)
num (expected samples) = 100000
length(counts)        = 100000
nonzero counts        = 1253
mean(counts)          = 0.0127
PB done
DAQ done
check .Channels(2).Enable 2
     1

for kcps
double(sum(counts(s:number_acq:end)))
   667

helper
   51.3077

handles.Array_PSeq{helper_scan,1}.Channels(3).RiseDurations(s)
   2.6000e-07

Repetitions
       50000

for kcps
double(sum(counts(s:number_acq:end)))
   604

helper
   46.4615

handles.Array_PSeq{helper_scan,1}.Channels(3).RiseDurations(s)
   2.6000e-07

Repetitions
       50000

check .Channels(2).Enable 4
     1

check .Channels(2).Enable 1
     1

handles.Array_PSeq{helper_scan,aux}.Channels(2).Frequency
   3.8417e+09

handles.Array_PSeq{helper_scan,aux}.Channels(2).FreqIQ
    50000000

obj.interfaceSigGen.Frequency(1)
   3.8417e+09

check .Channels(2).Enable 5
check .Channels(2).Enable 5
     1

num_points
        3113

nI and nQ
        3163

        3163

check .Channels(2).Enable 6
     1

send_waveforms_siglent done
check .Channels(2).Enable 7
     1

PB bit 0 (Ch1) rises = 3
PB bit 1 (Ch2) rises = 1
PB bit 2 (Ch3) rises = 2
PB bit 3 (Ch4) rises = 1
PB bit 4 (Ch5) rises = 0
PB bit 5 (Ch6) rises = 0
PB bit 6 (Ch7) rises = 0
PB bit 7 (Ch8) rises = 0
Expected gates = 100000
TSPD_total = 5.200e-07 s
sendSequence done
1rep: SPD rises=2 (number_acq=2)
num (expected samples) = 100000
length(counts)        = 100000
nonzero counts        = 1282
mean(counts)          = 0.0131
PB done
DAQ done
check .Channels(2).Enable 2
     1

for kcps
double(sum(counts(s:number_acq:end)))
   673

helper
   51.7692

handles.Array_PSeq{helper_scan,1}.Channels(3).RiseDurations(s)
   2.6000e-07

Repetitions
       50000

for kcps
double(sum(counts(s:number_acq:end)))
   635

helper
   48.8462

handles.Array_PSeq{helper_scan,1}.Channels(3).RiseDurations(s)
   2.6000e-07

Repetitions
       50000

check .Channels(2).Enable 4
     1

check .Channels(2).Enable 1
     1

handles.Array_PSeq{helper_scan,aux}.Channels(2).Frequency
   3.8450e+09

handles.Array_PSeq{helper_scan,aux}.Channels(2).FreqIQ
    50000000

obj.interfaceSigGen.Frequency(1)
   3.8450e+09

check .Channels(2).Enable 5
check .Channels(2).Enable 5
     1

num_points
        3113

nI and nQ
        3163

        3163

check .Channels(2).Enable 6
     1

send_waveforms_siglent done
check .Channels(2).Enable 7
     1

PB bit 0 (Ch1) rises = 3
PB bit 1 (Ch2) rises = 1
PB bit 2 (Ch3) rises = 2
PB bit 3 (Ch4) rises = 1
PB bit 4 (Ch5) rises = 0
PB bit 5 (Ch6) rises = 0
PB bit 6 (Ch7) rises = 0
PB bit 7 (Ch8) rises = 0
Expected gates = 100000
TSPD_total = 5.200e-07 s
sendSequence done
1rep: SPD rises=2 (number_acq=2)
num (expected samples) = 100000
length(counts)        = 100000
nonzero counts        = 1316
mean(counts)          = 0.0134
PB done
DAQ done
check .Channels(2).Enable 2
     1

for kcps
double(sum(counts(s:number_acq:end)))
   654

helper
   50.3077

handles.Array_PSeq{helper_scan,1}.Channels(3).RiseDurations(s)
   2.6000e-07

Repetitions
       50000

for kcps
double(sum(counts(s:number_acq:end)))
   686

helper
   52.7692

handles.Array_PSeq{helper_scan,1}.Channels(3).RiseDurations(s)
   2.6000e-07

Repetitions
       50000

check .Channels(2).Enable 4
     1

check .Channels(2).Enable 1
     1

handles.Array_PSeq{helper_scan,aux}.Channels(2).Frequency
   3.8483e+09

handles.Array_PSeq{helper_scan,aux}.Channels(2).FreqIQ
    50000000

obj.interfaceSigGen.Frequency(1)
   3.8483e+09

check .Channels(2).Enable 5
check .Channels(2).Enable 5
     1

num_points
        3113

nI and nQ
        3163

        3163

check .Channels(2).Enable 6
     1

send_waveforms_siglent done
check .Channels(2).Enable 7
     1

PB bit 0 (Ch1) rises = 3
PB bit 1 (Ch2) rises = 1
PB bit 2 (Ch3) rises = 2
PB bit 3 (Ch4) rises = 1
PB bit 4 (Ch5) rises = 0
PB bit 5 (Ch6) rises = 0
PB bit 6 (Ch7) rises = 0
PB bit 7 (Ch8) rises = 0
Expected gates = 100000
TSPD_total = 5.200e-07 s
sendSequence done
1rep: SPD rises=2 (number_acq=2)
num (expected samples) = 100000
length(counts)        = 100000
nonzero counts        = 1333
mean(counts)          = 0.0136
PB done
DAQ done
check .Channels(2).Enable 2
     1

for kcps
double(sum(counts(s:number_acq:end)))
   663

helper
    51

handles.Array_PSeq{helper_scan,1}.Channels(3).RiseDurations(s)
   2.6000e-07

Repetitions
       50000

for kcps
double(sum(counts(s:number_acq:end)))
   693

helper
   53.3077

handles.Array_PSeq{helper_scan,1}.Channels(3).RiseDurations(s)
   2.6000e-07

Repetitions
       50000

check .Channels(2).Enable 4
     1

check .Channels(2).Enable 1
     1

handles.Array_PSeq{helper_scan,aux}.Channels(2).Frequency
   3.8517e+09

handles.Array_PSeq{helper_scan,aux}.Channels(2).FreqIQ
    50000000

obj.interfaceSigGen.Frequency(1)
   3.8517e+09

check .Channels(2).Enable 5
check .Channels(2).Enable 5
     1

num_points
        3113

nI and nQ
        3163

        3163

check .Channels(2).Enable 6
     1

send_waveforms_siglent done
check .Channels(2).Enable 7
     1

PB bit 0 (Ch1) rises = 3
PB bit 1 (Ch2) rises = 1
PB bit 2 (Ch3) rises = 2
PB bit 3 (Ch4) rises = 1
PB bit 4 (Ch5) rises = 0
PB bit 5 (Ch6) rises = 0
PB bit 6 (Ch7) rises = 0
PB bit 7 (Ch8) rises = 0
Expected gates = 100000
TSPD_total = 5.200e-07 s
sendSequence done
1rep: SPD rises=2 (number_acq=2)
num (expected samples) = 100000
length(counts)        = 100000
nonzero counts        = 1295
mean(counts)          = 0.0132
PB done
DAQ done
check .Channels(2).Enable 2
     1

for kcps
double(sum(counts(s:number_acq:end)))
   671

helper
   51.6154

handles.Array_PSeq{helper_scan,1}.Channels(3).RiseDurations(s)
   2.6000e-07

Repetitions
       50000

for kcps
double(sum(counts(s:number_acq:end)))
   644

helper
   49.5385

handles.Array_PSeq{helper_scan,1}.Channels(3).RiseDurations(s)
   2.6000e-07

Repetitions
       50000

check .Channels(2).Enable 4
     1

check .Channels(2).Enable 1
     1

handles.Array_PSeq{helper_scan,aux}.Channels(2).Frequency
   3.8550e+09

handles.Array_PSeq{helper_scan,aux}.Channels(2).FreqIQ
    50000000

obj.interfaceSigGen.Frequency(1)
   3.8550e+09

check .Channels(2).Enable 5
check .Channels(2).Enable 5
     1

num_points
        3113

nI and nQ
        3163

        3163

check .Channels(2).Enable 6
     1

send_waveforms_siglent done
check .Channels(2).Enable 7
     1

PB bit 0 (Ch1) rises = 3
PB bit 1 (Ch2) rises = 1
PB bit 2 (Ch3) rises = 2
PB bit 3 (Ch4) rises = 1
PB bit 4 (Ch5) rises = 0
PB bit 5 (Ch6) rises = 0
PB bit 6 (Ch7) rises = 0
PB bit 7 (Ch8) rises = 0
Expected gates = 100000
TSPD_total = 5.200e-07 s
sendSequence done
1rep: SPD rises=2 (number_acq=2)
num (expected samples) = 100000
length(counts)        = 100000
nonzero counts        = 1277
mean(counts)          = 0.013
PB done
DAQ done
check .Channels(2).Enable 2
     1

for kcps
double(sum(counts(s:number_acq:end)))
   633

helper
   48.6923

handles.Array_PSeq{helper_scan,1}.Channels(3).RiseDurations(s)
   2.6000e-07

Repetitions
       50000

for kcps
double(sum(counts(s:number_acq:end)))
   666

helper
   51.2308

handles.Array_PSeq{helper_scan,1}.Channels(3).RiseDurations(s)
   2.6000e-07

Repetitions
       50000

check .Channels(2).Enable 4
     1

check .Channels(2).Enable 1
     1

handles.Array_PSeq{helper_scan,aux}.Channels(2).Frequency
   3.8583e+09

handles.Array_PSeq{helper_scan,aux}.Channels(2).FreqIQ
    50000000

obj.interfaceSigGen.Frequency(1)
   3.8583e+09

check .Channels(2).Enable 5
check .Channels(2).Enable 5
     1

num_points
        3113

nI and nQ
        3163

        3163

check .Channels(2).Enable 6
     1

send_waveforms_siglent done
check .Channels(2).Enable 7
     1

PB bit 0 (Ch1) rises = 3
PB bit 1 (Ch2) rises = 1
PB bit 2 (Ch3) rises = 2
PB bit 3 (Ch4) rises = 1
PB bit 4 (Ch5) rises = 0
PB bit 5 (Ch6) rises = 0
PB bit 6 (Ch7) rises = 0
PB bit 7 (Ch8) rises = 0
Expected gates = 100000
TSPD_total = 5.200e-07 s
sendSequence done
1rep: SPD rises=2 (number_acq=2)
num (expected samples) = 100000
length(counts)        = 100000
nonzero counts        = 1296
mean(counts)          = 0.0133
PB done
DAQ done
check .Channels(2).Enable 2
     1

for kcps
double(sum(counts(s:number_acq:end)))
   678

helper
   52.1538

handles.Array_PSeq{helper_scan,1}.Channels(3).RiseDurations(s)
   2.6000e-07

Repetitions
       50000

for kcps
double(sum(counts(s:number_acq:end)))
   649

helper
   49.9231

handles.Array_PSeq{helper_scan,1}.Channels(3).RiseDurations(s)
   2.6000e-07

Repetitions
       50000

check .Channels(2).Enable 4
     1

check .Channels(2).Enable 1
     1

handles.Array_PSeq{helper_scan,aux}.Channels(2).Frequency
   3.8617e+09

handles.Array_PSeq{helper_scan,aux}.Channels(2).FreqIQ
    50000000

obj.interfaceSigGen.Frequency(1)
   3.8617e+09

check .Channels(2).Enable 5
check .Channels(2).Enable 5
     1

num_points
        3113

nI and nQ
        3163

        3163

check .Channels(2).Enable 6
     1

send_waveforms_siglent done
check .Channels(2).Enable 7
     1

PB bit 0 (Ch1) rises = 3
PB bit 1 (Ch2) rises = 1
PB bit 2 (Ch3) rises = 2
PB bit 3 (Ch4) rises = 1
PB bit 4 (Ch5) rises = 0
PB bit 5 (Ch6) rises = 0
PB bit 6 (Ch7) rises = 0
PB bit 7 (Ch8) rises = 0
Expected gates = 100000
TSPD_total = 5.200e-07 s
sendSequence done
1rep: SPD rises=2 (number_acq=2)
num (expected samples) = 100000
length(counts)        = 100000
nonzero counts        = 1288
mean(counts)          = 0.0131
PB done
DAQ done
check .Channels(2).Enable 2
     1

for kcps
double(sum(counts(s:number_acq:end)))
   619

helper
   47.6154

handles.Array_PSeq{helper_scan,1}.Channels(3).RiseDurations(s)
   2.6000e-07

Repetitions
       50000

for kcps
double(sum(counts(s:number_acq:end)))
   686

helper
   52.7692

handles.Array_PSeq{helper_scan,1}.Channels(3).RiseDurations(s)
   2.6000e-07

Repetitions
       50000

check .Channels(2).Enable 4
     1

check .Channels(2).Enable 1
     1

handles.Array_PSeq{helper_scan,aux}.Channels(2).Frequency
   3.8650e+09

handles.Array_PSeq{helper_scan,aux}.Channels(2).FreqIQ
    50000000

obj.interfaceSigGen.Frequency(1)
   3.8650e+09

check .Channels(2).Enable 5
check .Channels(2).Enable 5
     1

num_points
        3113

nI and nQ
        3163

        3163

check .Channels(2).Enable 6
     1

send_waveforms_siglent done
check .Channels(2).Enable 7
     1

PB bit 0 (Ch1) rises = 3
PB bit 1 (Ch2) rises = 1
PB bit 2 (Ch3) rises = 2
PB bit 3 (Ch4) rises = 1
PB bit 4 (Ch5) rises = 0
PB bit 5 (Ch6) rises = 0
PB bit 6 (Ch7) rises = 0
PB bit 7 (Ch8) rises = 0
Expected gates = 100000
TSPD_total = 5.200e-07 s
sendSequence done
1rep: SPD rises=2 (number_acq=2)
num (expected samples) = 100000
length(counts)        = 100000
nonzero counts        = 1297
mean(counts)          = 0.0131
PB done
DAQ done
check .Channels(2).Enable 2
     1

for kcps
double(sum(counts(s:number_acq:end)))
   650

helper
    50

handles.Array_PSeq{helper_scan,1}.Channels(3).RiseDurations(s)
   2.6000e-07

Repetitions
       50000

for kcps
double(sum(counts(s:number_acq:end)))
   664

helper
   51.0769

handles.Array_PSeq{helper_scan,1}.Channels(3).RiseDurations(s)
   2.6000e-07

Repetitions
       50000

check .Channels(2).Enable 4
     1

check .Channels(2).Enable 1
     1

handles.Array_PSeq{helper_scan,aux}.Channels(2).Frequency
   3.8683e+09

handles.Array_PSeq{helper_scan,aux}.Channels(2).FreqIQ
    50000000

obj.interfaceSigGen.Frequency(1)
   3.8683e+09

check .Channels(2).Enable 5
check .Channels(2).Enable 5
     1

num_points
        3113

nI and nQ
        3163

        3163

check .Channels(2).Enable 6
     1

send_waveforms_siglent done
check .Channels(2).Enable 7
     1

PB bit 0 (Ch1) rises = 3
PB bit 1 (Ch2) rises = 1
PB bit 2 (Ch3) rises = 2
PB bit 3 (Ch4) rises = 1
PB bit 4 (Ch5) rises = 0
PB bit 5 (Ch6) rises = 0
PB bit 6 (Ch7) rises = 0
PB bit 7 (Ch8) rises = 0
Expected gates = 100000
TSPD_total = 5.200e-07 s
sendSequence done
1rep: SPD rises=2 (number_acq=2)
num (expected samples) = 100000
length(counts)        = 100000
nonzero counts        = 1268
mean(counts)          = 0.0129
PB done
DAQ done
check .Channels(2).Enable 2
     1

for kcps
double(sum(counts(s:number_acq:end)))
   638

helper
   49.0769

handles.Array_PSeq{helper_scan,1}.Channels(3).RiseDurations(s)
   2.6000e-07

Repetitions
       50000

for kcps
double(sum(counts(s:number_acq:end)))
   653

helper
   50.2308

handles.Array_PSeq{helper_scan,1}.Channels(3).RiseDurations(s)
   2.6000e-07

Repetitions
       50000

check .Channels(2).Enable 4
     1

check .Channels(2).Enable 1
     1

handles.Array_PSeq{helper_scan,aux}.Channels(2).Frequency
   3.8717e+09

handles.Array_PSeq{helper_scan,aux}.Channels(2).FreqIQ
    50000000

obj.interfaceSigGen.Frequency(1)
   3.8717e+09

check .Channels(2).Enable 5
check .Channels(2).Enable 5
     1

num_points
        3113

nI and nQ
        3163

        3163

check .Channels(2).Enable 6
     1

send_waveforms_siglent done
check .Channels(2).Enable 7
     1

PB bit 0 (Ch1) rises = 3
PB bit 1 (Ch2) rises = 1
PB bit 2 (Ch3) rises = 2
PB bit 3 (Ch4) rises = 1
PB bit 4 (Ch5) rises = 0
PB bit 5 (Ch6) rises = 0
PB bit 6 (Ch7) rises = 0
PB bit 7 (Ch8) rises = 0
Expected gates = 100000
TSPD_total = 5.200e-07 s
sendSequence done
1rep: SPD rises=2 (number_acq=2)
num (expected samples) = 100000
length(counts)        = 100000
nonzero counts        = 1304
mean(counts)          = 0.0132
PB done
DAQ done
check .Channels(2).Enable 2
     1

for kcps
double(sum(counts(s:number_acq:end)))
   707

helper
   54.3846

handles.Array_PSeq{helper_scan,1}.Channels(3).RiseDurations(s)
   2.6000e-07

Repetitions
       50000

for kcps
double(sum(counts(s:number_acq:end)))
   613

helper
   47.1538

handles.Array_PSeq{helper_scan,1}.Channels(3).RiseDurations(s)
   2.6000e-07

Repetitions
       50000

check .Channels(2).Enable 4
     1

check .Channels(2).Enable 1
     1

handles.Array_PSeq{helper_scan,aux}.Channels(2).Frequency
   3.8750e+09

handles.Array_PSeq{helper_scan,aux}.Channels(2).FreqIQ
    50000000

obj.interfaceSigGen.Frequency(1)
   3.8750e+09

check .Channels(2).Enable 5
check .Channels(2).Enable 5
     1

num_points
        3113

nI and nQ
        3163

        3163

check .Channels(2).Enable 6
     1

send_waveforms_siglent done
check .Channels(2).Enable 7
     1

PB bit 0 (Ch1) rises = 3
PB bit 1 (Ch2) rises = 1
PB bit 2 (Ch3) rises = 2
PB bit 3 (Ch4) rises = 1
PB bit 4 (Ch5) rises = 0
PB bit 5 (Ch6) rises = 0
PB bit 6 (Ch7) rises = 0
PB bit 7 (Ch8) rises = 0
Expected gates = 100000
TSPD_total = 5.200e-07 s
sendSequence done
1rep: SPD rises=2 (number_acq=2)
num (expected samples) = 100000
length(counts)        = 100000
nonzero counts        = 1239
mean(counts)          = 0.0126
PB done
DAQ done
check .Channels(2).Enable 2
     1

for kcps
double(su